\BOOKMARK [0][-]{chapter.1}{\376\377\000F\000i\000l\000e\000\040\000I\000n\000d\000e\000x}{}% 1
\BOOKMARK [1][-]{section.1.1}{\376\377\000F\000i\000l\000e\000\040\000L\000i\000s\000t}{chapter.1}% 2
\BOOKMARK [0][-]{chapter.2}{\376\377\000F\000i\000l\000e\000\040\000D\000o\000c\000u\000m\000e\000n\000t\000a\000t\000i\000o\000n}{}% 3
\BOOKMARK [1][-]{section.2.1}{\376\377\000s\000r\000c\000/\000C\000e\000l\000l\000/\000c\000e\000l\000l\000\137\000b\000o\000u\000n\000d\000a\000r\000y\000.\000c\000\040\000F\000i\000l\000e\000\040\000R\000e\000f\000e\000r\000e\000n\000c\000e}{chapter.2}% 4
\BOOKMARK [2][-]{subsection.2.1.1}{\376\377\000M\000a\000c\000r\000o\000\040\000D\000e\000f\000i\000n\000i\000t\000i\000o\000n\000\040\000D\000o\000c\000u\000m\000e\000n\000t\000a\000t\000i\000o\000n}{section.2.1}% 5
\BOOKMARK [3][-]{subsubsection.2.1.1.1}{\376\377\000C\000E\000L\000L\000\137\000P\000R\000I\000V\000A\000T\000E\000\137\000D\000E\000F\000S}{subsection.2.1.1}% 6
\BOOKMARK [2][-]{subsection.2.1.2}{\376\377\000F\000u\000n\000c\000t\000i\000o\000n\000\040\000D\000o\000c\000u\000m\000e\000n\000t\000a\000t\000i\000o\000n}{section.2.1}% 7
\BOOKMARK [3][-]{subsubsection.2.1.2.1}{\376\377\000c\000e\000l\000l\000\137\000b\000o\000u\000n\000d\000a\000r\000y\000\137\000f\000i\000x\000e\000d\000\137\000r}{subsection.2.1.2}% 8
\BOOKMARK [3][-]{subsubsection.2.1.2.2}{\376\377\000c\000e\000l\000l\000\137\000b\000o\000u\000n\000d\000a\000r\000y\000\137\000o\000u\000t\000f\000l\000o\000w\000\137\000r}{subsection.2.1.2}% 9
\BOOKMARK [3][-]{subsubsection.2.1.2.3}{\376\377\000c\000e\000l\000l\000\137\000b\000o\000u\000n\000d\000a\000r\000y\000\137\000o\000u\000t\000f\000l\000o\000w\000\137\000z}{subsection.2.1.2}% 10
\BOOKMARK [1][-]{section.2.2}{\376\377\000s\000r\000c\000/\000C\000e\000l\000l\000/\000c\000e\000l\000l\000\137\000c\000l\000e\000a\000r\000.\000c\000\040\000F\000i\000l\000e\000\040\000R\000e\000f\000e\000r\000e\000n\000c\000e}{chapter.2}% 11
\BOOKMARK [2][-]{subsection.2.2.1}{\376\377\000M\000a\000c\000r\000o\000\040\000D\000e\000f\000i\000n\000i\000t\000i\000o\000n\000\040\000D\000o\000c\000u\000m\000e\000n\000t\000a\000t\000i\000o\000n}{section.2.2}% 12
\BOOKMARK [3][-]{subsubsection.2.2.1.1}{\376\377\000C\000E\000L\000L\000\137\000P\000R\000I\000V\000A\000T\000E\000\137\000D\000E\000F\000S}{subsection.2.2.1}% 13
\BOOKMARK [2][-]{subsection.2.2.2}{\376\377\000F\000u\000n\000c\000t\000i\000o\000n\000\040\000D\000o\000c\000u\000m\000e\000n\000t\000a\000t\000i\000o\000n}{section.2.2}% 14
\BOOKMARK [3][-]{subsubsection.2.2.2.1}{\376\377\000c\000e\000l\000l\000\137\000c\000l\000e\000a\000r\000\137\000d\000i\000v\000B}{subsection.2.2.2}% 15
\BOOKMARK [3][-]{subsubsection.2.2.2.2}{\376\377\000c\000e\000l\000l\000\137\000c\000l\000e\000a\000r\000\137\000G\000r\000a\000d\000P\000s\000i}{subsection.2.2.2}% 16
\BOOKMARK [3][-]{subsubsection.2.2.2.3}{\376\377\000c\000e\000l\000l\000\137\000c\000l\000e\000a\000r\000\137\000w}{subsection.2.2.2}% 17
\BOOKMARK [1][-]{section.2.3}{\376\377\000s\000r\000c\000/\000C\000e\000l\000l\000/\000c\000e\000l\000l\000\137\000c\000o\000n\000v\000e\000r\000s\000i\000o\000n\000.\000c\000\040\000F\000i\000l\000e\000\040\000R\000e\000f\000e\000r\000e\000n\000c\000e}{chapter.2}% 18
\BOOKMARK [2][-]{subsection.2.3.1}{\376\377\000M\000a\000c\000r\000o\000\040\000D\000e\000f\000i\000n\000i\000t\000i\000o\000n\000\040\000D\000o\000c\000u\000m\000e\000n\000t\000a\000t\000i\000o\000n}{section.2.3}% 19
\BOOKMARK [3][-]{subsubsection.2.3.1.1}{\376\377\000C\000E\000L\000L\000\137\000P\000R\000I\000V\000A\000T\000E\000\137\000D\000E\000F\000S}{subsection.2.3.1}% 20
\BOOKMARK [2][-]{subsection.2.3.2}{\376\377\000F\000u\000n\000c\000t\000i\000o\000n\000\040\000D\000o\000c\000u\000m\000e\000n\000t\000a\000t\000i\000o\000n}{section.2.3}% 21
\BOOKMARK [3][-]{subsubsection.2.3.2.1}{\376\377\000c\000e\000l\000l\000\137\000c\000a\000l\000c\000\137\000c\000o\000n\000s}{subsection.2.3.2}% 22
\BOOKMARK [3][-]{subsubsection.2.3.2.2}{\376\377\000c\000e\000l\000l\000\137\000c\000a\000l\000c\000\137\000p\000r\000i\000m}{subsection.2.3.2}% 23
\BOOKMARK [3][-]{subsubsection.2.3.2.3}{\376\377\000c\000e\000l\000l\000\137\000c\000o\000n\000s\0002\000p\000r\000i\000m}{subsection.2.3.2}% 24
\BOOKMARK [3][-]{subsubsection.2.3.2.4}{\376\377\000c\000e\000l\000l\000\137\000p\000r\000i\000m\0002\000c\000o\000n\000s}{subsection.2.3.2}% 25
\BOOKMARK [1][-]{section.2.4}{\376\377\000s\000r\000c\000/\000C\000e\000l\000l\000/\000c\000e\000l\000l\000\137\000c\000r\000e\000a\000t\000e\000\137\000d\000e\000s\000t\000r\000o\000y\000.\000c\000\040\000F\000i\000l\000e\000\040\000R\000e\000f\000e\000r\000e\000n\000c\000e}{chapter.2}% 26
\BOOKMARK [2][-]{subsection.2.4.1}{\376\377\000M\000a\000c\000r\000o\000\040\000D\000e\000f\000i\000n\000i\000t\000i\000o\000n\000\040\000D\000o\000c\000u\000m\000e\000n\000t\000a\000t\000i\000o\000n}{section.2.4}% 27
\BOOKMARK [3][-]{subsubsection.2.4.1.1}{\376\377\000C\000E\000L\000L\000\137\000P\000R\000I\000V\000A\000T\000E\000\137\000D\000E\000F\000S}{subsection.2.4.1}% 28
\BOOKMARK [2][-]{subsection.2.4.2}{\376\377\000F\000u\000n\000c\000t\000i\000o\000n\000\040\000D\000o\000c\000u\000m\000e\000n\000t\000a\000t\000i\000o\000n}{section.2.4}% 29
\BOOKMARK [3][-]{subsubsection.2.4.2.1}{\376\377\000c\000e\000l\000l\000\137\000c\000r\000e\000a\000t\000e}{subsection.2.4.2}% 30
\BOOKMARK [3][-]{subsubsection.2.4.2.2}{\376\377\000c\000e\000l\000l\000\137\000d\000e\000s\000t\000r\000o\000y}{subsection.2.4.2}% 31
\BOOKMARK [1][-]{section.2.5}{\376\377\000s\000r\000c\000/\000C\000e\000l\000l\000/\000c\000e\000l\000l\000\137\000f\000l\000u\000x\000\137\000p\000.\000c\000\040\000F\000i\000l\000e\000\040\000R\000e\000f\000e\000r\000e\000n\000c\000e}{chapter.2}% 32
\BOOKMARK [2][-]{subsection.2.5.1}{\376\377\000M\000a\000c\000r\000o\000\040\000D\000e\000f\000i\000n\000i\000t\000i\000o\000n\000\040\000D\000o\000c\000u\000m\000e\000n\000t\000a\000t\000i\000o\000n}{section.2.5}% 33
\BOOKMARK [3][-]{subsubsection.2.5.1.1}{\376\377\000C\000E\000L\000L\000\137\000P\000R\000I\000V\000A\000T\000E\000\137\000D\000E\000F\000S}{subsection.2.5.1}% 34
\BOOKMARK [2][-]{subsection.2.5.2}{\376\377\000F\000u\000n\000c\000t\000i\000o\000n\000\040\000D\000o\000c\000u\000m\000e\000n\000t\000a\000t\000i\000o\000n}{section.2.5}% 35
\BOOKMARK [3][-]{subsubsection.2.5.2.1}{\376\377\000c\000e\000l\000l\000\137\000f\000l\000u\000x\000\137\000p}{subsection.2.5.2}% 36
\BOOKMARK [1][-]{section.2.6}{\376\377\000s\000r\000c\000/\000C\000e\000l\000l\000/\000c\000e\000l\000l\000\137\000i\000n\000i\000t\000.\000c\000\040\000F\000i\000l\000e\000\040\000R\000e\000f\000e\000r\000e\000n\000c\000e}{chapter.2}% 37
\BOOKMARK [2][-]{subsection.2.6.1}{\376\377\000M\000a\000c\000r\000o\000\040\000D\000e\000f\000i\000n\000i\000t\000i\000o\000n\000\040\000D\000o\000c\000u\000m\000e\000n\000t\000a\000t\000i\000o\000n}{section.2.6}% 38
\BOOKMARK [3][-]{subsubsection.2.6.1.1}{\376\377\000C\000E\000L\000L\000\137\000P\000R\000I\000V\000A\000T\000E\000\137\000D\000E\000F\000S}{subsection.2.6.1}% 39
\BOOKMARK [2][-]{subsection.2.6.2}{\376\377\000F\000u\000n\000c\000t\000i\000o\000n\000\040\000D\000o\000c\000u\000m\000e\000n\000t\000a\000t\000i\000o\000n}{section.2.6}% 40
\BOOKMARK [3][-]{subsubsection.2.6.2.1}{\376\377\000c\000e\000l\000l\000\137\000i\000n\000i\000t}{subsection.2.6.2}% 41
\BOOKMARK [3][-]{subsubsection.2.6.2.2}{\376\377\000c\000e\000l\000l\000\137\000s\000i\000n\000g\000l\000e\000\137\000i\000n\000i\000t}{subsection.2.6.2}% 42
\BOOKMARK [1][-]{section.2.7}{\376\377\000s\000r\000c\000/\000C\000e\000l\000l\000/\000c\000e\000l\000l\000\137\000m\000i\000n\000d\000t\000.\000c\000\040\000F\000i\000l\000e\000\040\000R\000e\000f\000e\000r\000e\000n\000c\000e}{chapter.2}% 43
\BOOKMARK [2][-]{subsection.2.7.1}{\376\377\000M\000a\000c\000r\000o\000\040\000D\000e\000f\000i\000n\000i\000t\000i\000o\000n\000\040\000D\000o\000c\000u\000m\000e\000n\000t\000a\000t\000i\000o\000n}{section.2.7}% 44
\BOOKMARK [3][-]{subsubsection.2.7.1.1}{\376\377\000C\000E\000L\000L\000\137\000P\000R\000I\000V\000A\000T\000E\000\137\000D\000E\000F\000S}{subsection.2.7.1}% 45
\BOOKMARK [2][-]{subsection.2.7.2}{\376\377\000F\000u\000n\000c\000t\000i\000o\000n\000\040\000D\000o\000c\000u\000m\000e\000n\000t\000a\000t\000i\000o\000n}{section.2.7}% 46
\BOOKMARK [3][-]{subsubsection.2.7.2.1}{\376\377\000c\000e\000l\000l\000\137\000m\000i\000n\000d\000t}{subsection.2.7.2}% 47
\BOOKMARK [3][-]{subsubsection.2.7.2.2}{\376\377\000m\000a\000x\000v\000e\000l}{subsection.2.7.2}% 48
\BOOKMARK [1][-]{section.2.8}{\376\377\000s\000r\000c\000/\000C\000e\000l\000l\000/\000c\000e\000l\000l\000\137\000m\000i\000s\000c\000.\000c\000\040\000F\000i\000l\000e\000\040\000R\000e\000f\000e\000r\000e\000n\000c\000e}{chapter.2}% 49
\BOOKMARK [2][-]{subsection.2.8.1}{\376\377\000M\000a\000c\000r\000o\000\040\000D\000e\000f\000i\000n\000i\000t\000i\000o\000n\000\040\000D\000o\000c\000u\000m\000e\000n\000t\000a\000t\000i\000o\000n}{section.2.8}% 50
\BOOKMARK [3][-]{subsubsection.2.8.1.1}{\376\377\000C\000E\000L\000L\000\137\000P\000R\000I\000V\000A\000T\000E\000\137\000D\000E\000F\000S}{subsection.2.8.1}% 51
\BOOKMARK [2][-]{subsection.2.8.2}{\376\377\000F\000u\000n\000c\000t\000i\000o\000n\000\040\000D\000o\000c\000u\000m\000e\000n\000t\000a\000t\000i\000o\000n}{section.2.8}% 52
\BOOKMARK [3][-]{subsubsection.2.8.2.1}{\376\377\000c\000e\000l\000l\000\137\000a\000d\000j\000u\000s\000t\000\137\000R\000K\000\137\000c\000o\000n\000s}{subsection.2.8.2}% 53
\BOOKMARK [3][-]{subsubsection.2.8.2.2}{\376\377\000c\000e\000l\000l\000\137\000c\000l\000e\000a\000n\000\137\000p\000i}{subsection.2.8.2}% 54
\BOOKMARK [3][-]{subsubsection.2.8.2.3}{\376\377\000c\000e\000l\000l\000\137\000c\000o\000p\000y}{subsection.2.8.2}% 55
\BOOKMARK [3][-]{subsubsection.2.8.2.4}{\376\377\000c\000e\000l\000l\000\137\000u\000p\000d\000a\000t\000e\000\137\000d\000p\000h\000i}{subsection.2.8.2}% 56
\BOOKMARK [3][-]{subsubsection.2.8.2.5}{\376\377\000c\000e\000l\000l\000\137\000u\000p\000d\000a\000t\000e\000\137\000p\000h\000i}{subsection.2.8.2}% 57
\BOOKMARK [1][-]{section.2.9}{\376\377\000s\000r\000c\000/\000C\000e\000l\000l\000/\000c\000e\000l\000l\000\137\000m\000o\000d\000i\000f\000y\000\137\000d\000a\000t\000a\000.\000c\000\040\000F\000i\000l\000e\000\040\000R\000e\000f\000e\000r\000e\000n\000c\000e}{chapter.2}% 58
\BOOKMARK [2][-]{subsection.2.9.1}{\376\377\000M\000a\000c\000r\000o\000\040\000D\000e\000f\000i\000n\000i\000t\000i\000o\000n\000\040\000D\000o\000c\000u\000m\000e\000n\000t\000a\000t\000i\000o\000n}{section.2.9}% 59
\BOOKMARK [3][-]{subsubsection.2.9.1.1}{\376\377\000C\000E\000L\000L\000\137\000P\000R\000I\000V\000A\000T\000E\000\137\000D\000E\000F\000S}{subsection.2.9.1}% 60
\BOOKMARK [2][-]{subsection.2.9.2}{\376\377\000F\000u\000n\000c\000t\000i\000o\000n\000\040\000D\000o\000c\000u\000m\000e\000n\000t\000a\000t\000i\000o\000n}{section.2.9}% 61
\BOOKMARK [3][-]{subsubsection.2.9.2.1}{\376\377\000c\000e\000l\000l\000\137\000a\000d\000d\000\137\000c\000o\000n\000s}{subsection.2.9.2}% 62
\BOOKMARK [3][-]{subsubsection.2.9.2.2}{\376\377\000c\000e\000l\000l\000\137\000a\000d\000d\000\137\000d\000i\000v\000B}{subsection.2.9.2}% 63
\BOOKMARK [3][-]{subsubsection.2.9.2.3}{\376\377\000c\000e\000l\000l\000\137\000a\000d\000d\000\137\000G\000r\000a\000d\000P\000s\000i}{subsection.2.9.2}% 64
\BOOKMARK [3][-]{subsubsection.2.9.2.4}{\376\377\000c\000e\000l\000l\000\137\000a\000d\000d\000\137\000w\000i\000p\000h}{subsection.2.9.2}% 65
\BOOKMARK [3][-]{subsubsection.2.9.2.5}{\376\377\000c\000e\000l\000l\000\137\000m\000u\000l\000t\000\137\000p\000s\000i}{subsection.2.9.2}% 66
\BOOKMARK [3][-]{subsubsection.2.9.2.6}{\376\377\000c\000e\000l\000l\000\137\000s\000e\000t\000\137\000p\000r\000i\000m}{subsection.2.9.2}% 67
\BOOKMARK [3][-]{subsubsection.2.9.2.7}{\376\377\000c\000e\000l\000l\000\137\000s\000e\000t\000\137\000t\000i\000p\000h}{subsection.2.9.2}% 68
\BOOKMARK [1][-]{section.2.10}{\376\377\000s\000r\000c\000/\000C\000e\000l\000l\000/\000c\000e\000l\000l\000\137\000p\000l\000m\000.\000c\000\040\000F\000i\000l\000e\000\040\000R\000e\000f\000e\000r\000e\000n\000c\000e}{chapter.2}% 69
\BOOKMARK [2][-]{subsection.2.10.1}{\376\377\000M\000a\000c\000r\000o\000\040\000D\000e\000f\000i\000n\000i\000t\000i\000o\000n\000\040\000D\000o\000c\000u\000m\000e\000n\000t\000a\000t\000i\000o\000n}{section.2.10}% 70
\BOOKMARK [3][-]{subsubsection.2.10.1.1}{\376\377\000C\000E\000L\000L\000\137\000P\000R\000I\000V\000A\000T\000E\000\137\000D\000E\000F\000S}{subsection.2.10.1}% 71
\BOOKMARK [2][-]{subsection.2.10.2}{\376\377\000F\000u\000n\000c\000t\000i\000o\000n\000\040\000D\000o\000c\000u\000m\000e\000n\000t\000a\000t\000i\000o\000n}{section.2.10}% 72
\BOOKMARK [3][-]{subsubsection.2.10.2.1}{\376\377\000c\000e\000l\000l\000\137\000p\000l\000m\000\137\000p}{subsection.2.10.2}% 73
\BOOKMARK [3][-]{subsubsection.2.10.2.2}{\376\377\000c\000e\000l\000l\000\137\000p\000l\000m\000\137\000r\000z}{subsection.2.10.2}% 74
\BOOKMARK [1][-]{section.2.11}{\376\377\000s\000r\000c\000/\000C\000e\000l\000l\000/\000c\000e\000l\000l\000\137\000r\000e\000t\000r\000i\000e\000v\000e\000\137\000d\000a\000t\000a\000.\000c\000\040\000F\000i\000l\000e\000\040\000R\000e\000f\000e\000r\000e\000n\000c\000e}{chapter.2}% 75
\BOOKMARK [2][-]{subsection.2.11.1}{\376\377\000M\000a\000c\000r\000o\000\040\000D\000e\000f\000i\000n\000i\000t\000i\000o\000n\000\040\000D\000o\000c\000u\000m\000e\000n\000t\000a\000t\000i\000o\000n}{section.2.11}% 76
\BOOKMARK [3][-]{subsubsection.2.11.1.1}{\376\377\000C\000E\000L\000L\000\137\000P\000R\000I\000V\000A\000T\000E\000\137\000D\000E\000F\000S}{subsection.2.11.1}% 77
\BOOKMARK [2][-]{subsection.2.11.2}{\376\377\000F\000u\000n\000c\000t\000i\000o\000n\000\040\000D\000o\000c\000u\000m\000e\000n\000t\000a\000t\000i\000o\000n}{section.2.11}% 78
\BOOKMARK [3][-]{subsubsection.2.11.2.1}{\376\377\000c\000e\000l\000l\000\137\000d\000p\000h\000i}{subsection.2.11.2}% 79
\BOOKMARK [3][-]{subsubsection.2.11.2.2}{\376\377\000c\000e\000l\000l\000\137\000g\000r\000a\000d}{subsection.2.11.2}% 80
\BOOKMARK [3][-]{subsubsection.2.11.2.3}{\376\377\000c\000e\000l\000l\000\137\000g\000r\000a\000d\000p}{subsection.2.11.2}% 81
\BOOKMARK [3][-]{subsubsection.2.11.2.4}{\376\377\000c\000e\000l\000l\000\137\000p\000r\000i\000m\000s}{subsection.2.11.2}% 82
\BOOKMARK [3][-]{subsubsection.2.11.2.5}{\376\377\000c\000e\000l\000l\000\137\000s\000i\000n\000g\000l\000e}{subsection.2.11.2}% 83
\BOOKMARK [3][-]{subsubsection.2.11.2.6}{\376\377\000c\000e\000l\000l\000\137\000t\000i\000p\000h}{subsection.2.11.2}% 84
\BOOKMARK [3][-]{subsubsection.2.11.2.7}{\376\377\000c\000e\000l\000l\000\137\000w\000i\000p\000h}{subsection.2.11.2}% 85
\BOOKMARK [1][-]{section.2.12}{\376\377\000s\000r\000c\000/\000C\000e\000l\000l\000/\000c\000e\000l\000l\000\137\000s\000e\000t\000\137\000w\000.\000c\000\040\000F\000i\000l\000e\000\040\000R\000e\000f\000e\000r\000e\000n\000c\000e}{chapter.2}% 86
\BOOKMARK [2][-]{subsection.2.12.1}{\376\377\000M\000a\000c\000r\000o\000\040\000D\000e\000f\000i\000n\000i\000t\000i\000o\000n\000\040\000D\000o\000c\000u\000m\000e\000n\000t\000a\000t\000i\000o\000n}{section.2.12}% 87
\BOOKMARK [3][-]{subsubsection.2.12.1.1}{\376\377\000C\000E\000L\000L\000\137\000P\000R\000I\000V\000A\000T\000E\000\137\000D\000E\000F\000S}{subsection.2.12.1}% 88
\BOOKMARK [2][-]{subsection.2.12.2}{\376\377\000F\000u\000n\000c\000t\000i\000o\000n\000\040\000D\000o\000c\000u\000m\000e\000n\000t\000a\000t\000i\000o\000n}{section.2.12}% 89
\BOOKMARK [3][-]{subsubsection.2.12.2.1}{\376\377\000c\000e\000l\000l\000\137\000s\000e\000t\000\137\000w\000c\000e\000l\000l}{subsection.2.12.2}% 90
\BOOKMARK [3][-]{subsubsection.2.12.2.2}{\376\377\000c\000e\000l\000l\000\137\000s\000e\000t\000\137\000w\000r\000i\000g\000i\000d}{subsection.2.12.2}% 91
\BOOKMARK [1][-]{section.2.13}{\376\377\000s\000r\000c\000/\000C\000e\000l\000l\000/\000c\000e\000l\000l\000\137\000s\000o\000u\000r\000c\000e\000.\000c\000\040\000F\000i\000l\000e\000\040\000R\000e\000f\000e\000r\000e\000n\000c\000e}{chapter.2}% 92
\BOOKMARK [2][-]{subsection.2.13.1}{\376\377\000M\000a\000c\000r\000o\000\040\000D\000e\000f\000i\000n\000i\000t\000i\000o\000n\000\040\000D\000o\000c\000u\000m\000e\000n\000t\000a\000t\000i\000o\000n}{section.2.13}% 93
\BOOKMARK [3][-]{subsubsection.2.13.1.1}{\376\377\000C\000E\000L\000L\000\137\000P\000R\000I\000V\000A\000T\000E\000\137\000D\000E\000F\000S}{subsection.2.13.1}% 94
\BOOKMARK [2][-]{subsection.2.13.2}{\376\377\000F\000u\000n\000c\000t\000i\000o\000n\000\040\000D\000o\000c\000u\000m\000e\000n\000t\000a\000t\000i\000o\000n}{section.2.13}% 95
\BOOKMARK [3][-]{subsubsection.2.13.2.1}{\376\377\000c\000e\000l\000l\000\137\000a\000d\000d\000\137\000s\000r\000c}{subsection.2.13.2}% 96
\BOOKMARK [3][-]{subsubsection.2.13.2.2}{\376\377\000f\000g\000r\000a\000v}{subsection.2.13.2}% 97
\BOOKMARK [3][-]{subsubsection.2.13.2.3}{\376\377\000g\000r\000a\000v\000M\000a\000s\000s\000F\000o\000r\000c\000e}{subsection.2.13.2}% 98
\BOOKMARK [1][-]{section.2.14}{\376\377\000s\000r\000c\000/\000C\000e\000l\000l\000/\000c\000e\000l\000l\000\137\000s\000y\000n\000c\000.\000c\000\040\000F\000i\000l\000e\000\040\000R\000e\000f\000e\000r\000e\000n\000c\000e}{chapter.2}% 99
\BOOKMARK [2][-]{subsection.2.14.1}{\376\377\000M\000a\000c\000r\000o\000\040\000D\000e\000f\000i\000n\000i\000t\000i\000o\000n\000\040\000D\000o\000c\000u\000m\000e\000n\000t\000a\000t\000i\000o\000n}{section.2.14}% 100
\BOOKMARK [3][-]{subsubsection.2.14.1.1}{\376\377\000C\000E\000L\000L\000\137\000P\000R\000I\000V\000A\000T\000E\000\137\000D\000E\000F\000S}{subsection.2.14.1}% 101
\BOOKMARK [2][-]{subsection.2.14.2}{\376\377\000F\000u\000n\000c\000t\000i\000o\000n\000\040\000D\000o\000c\000u\000m\000e\000n\000t\000a\000t\000i\000o\000n}{section.2.14}% 102
\BOOKMARK [3][-]{subsubsection.2.14.2.1}{\376\377\000c\000e\000l\000l\000\137\000s\000y\000n\000c\000p\000r\000o\000c\000\137\000r}{subsection.2.14.2}% 103
\BOOKMARK [3][-]{subsubsection.2.14.2.2}{\376\377\000c\000e\000l\000l\000\137\000s\000y\000n\000c\000p\000r\000o\000c\000\137\000z}{subsection.2.14.2}% 104
\BOOKMARK [1][-]{section.2.15}{\376\377\000s\000r\000c\000/\000F\000a\000c\000e\000/\000f\000a\000c\000e\000\137\000a\000c\000c\000e\000s\000s\000.\000c\000\040\000F\000i\000l\000e\000\040\000R\000e\000f\000e\000r\000e\000n\000c\000e}{chapter.2}% 105
\BOOKMARK [2][-]{subsection.2.15.1}{\376\377\000M\000a\000c\000r\000o\000\040\000D\000e\000f\000i\000n\000i\000t\000i\000o\000n\000\040\000D\000o\000c\000u\000m\000e\000n\000t\000a\000t\000i\000o\000n}{section.2.15}% 106
\BOOKMARK [3][-]{subsubsection.2.15.1.1}{\376\377\000F\000A\000C\000E\000\137\000P\000R\000I\000V\000A\000T\000E\000\137\000D\000E\000F\000S}{subsection.2.15.1}% 107
\BOOKMARK [2][-]{subsection.2.15.2}{\376\377\000F\000u\000n\000c\000t\000i\000o\000n\000\040\000D\000o\000c\000u\000m\000e\000n\000t\000a\000t\000i\000o\000n}{section.2.15}% 108
\BOOKMARK [3][-]{subsubsection.2.15.2.1}{\376\377\000f\000a\000c\000e\000\137\000c\000m}{subsection.2.15.2}% 109
\BOOKMARK [3][-]{subsubsection.2.15.2.2}{\376\377\000f\000a\000c\000e\000\137\000d\000A}{subsection.2.15.2}% 110
\BOOKMARK [3][-]{subsubsection.2.15.2.3}{\376\377\000f\000a\000c\000e\000\137\000d\000e\000l\000t\000a\000L}{subsection.2.15.2}% 111
\BOOKMARK [3][-]{subsubsection.2.15.2.4}{\376\377\000f\000a\000c\000e\000\137\000d\000e\000l\000t\000a\000R}{subsection.2.15.2}% 112
\BOOKMARK [3][-]{subsubsection.2.15.2.5}{\376\377\000f\000a\000c\000e\000\137\000L\000\137\000p\000o\000i\000n\000t\000e\000r}{subsection.2.15.2}% 113
\BOOKMARK [3][-]{subsubsection.2.15.2.6}{\376\377\000f\000a\000c\000e\000\137\000p\000o\000i\000n\000t\000e\000r}{subsection.2.15.2}% 114
\BOOKMARK [3][-]{subsubsection.2.15.2.7}{\376\377\000f\000a\000c\000e\000\137\000r}{subsection.2.15.2}% 115
\BOOKMARK [3][-]{subsubsection.2.15.2.8}{\376\377\000f\000a\000c\000e\000\137\000R\000\137\000p\000o\000i\000n\000t\000e\000r}{subsection.2.15.2}% 116
\BOOKMARK [1][-]{section.2.16}{\376\377\000s\000r\000c\000/\000F\000a\000c\000e\000/\000f\000a\000c\000e\000\137\000c\000r\000e\000a\000t\000e\000\137\000d\000e\000s\000t\000r\000o\000y\000.\000c\000\040\000F\000i\000l\000e\000\040\000R\000e\000f\000e\000r\000e\000n\000c\000e}{chapter.2}% 117
\BOOKMARK [2][-]{subsection.2.16.1}{\376\377\000M\000a\000c\000r\000o\000\040\000D\000e\000f\000i\000n\000i\000t\000i\000o\000n\000\040\000D\000o\000c\000u\000m\000e\000n\000t\000a\000t\000i\000o\000n}{section.2.16}% 118
\BOOKMARK [3][-]{subsubsection.2.16.1.1}{\376\377\000F\000A\000C\000E\000\137\000P\000R\000I\000V\000A\000T\000E\000\137\000D\000E\000F\000S}{subsection.2.16.1}% 119
\BOOKMARK [2][-]{subsection.2.16.2}{\376\377\000F\000u\000n\000c\000t\000i\000o\000n\000\040\000D\000o\000c\000u\000m\000e\000n\000t\000a\000t\000i\000o\000n}{section.2.16}% 120
\BOOKMARK [3][-]{subsubsection.2.16.2.1}{\376\377\000a\000d\000d\000F\000a\000c\000e}{subsection.2.16.2}% 121
\BOOKMARK [3][-]{subsubsection.2.16.2.2}{\376\377\000f\000a\000c\000e\000\137\000b\000u\000i\000l\000d\000\137\000r}{subsection.2.16.2}% 122
\BOOKMARK [3][-]{subsubsection.2.16.2.3}{\376\377\000f\000a\000c\000e\000\137\000b\000u\000i\000l\000d\000\137\000z}{subsection.2.16.2}% 123
\BOOKMARK [3][-]{subsubsection.2.16.2.4}{\376\377\000f\000a\000c\000e\000\137\000c\000r\000e\000a\000t\000e\000\137\000r}{subsection.2.16.2}% 124
\BOOKMARK [3][-]{subsubsection.2.16.2.5}{\376\377\000f\000a\000c\000e\000\137\000c\000r\000e\000a\000t\000e\000\137\000z}{subsection.2.16.2}% 125
\BOOKMARK [3][-]{subsubsection.2.16.2.6}{\376\377\000f\000a\000c\000e\000\137\000d\000e\000s\000t\000r\000o\000y}{subsection.2.16.2}% 126
\BOOKMARK [1][-]{section.2.17}{\376\377\000s\000r\000c\000/\000G\000r\000a\000v\000M\000a\000s\000s\000/\000G\000r\000a\000v\000M\000a\000s\000s\000\137\000a\000c\000c\000e\000s\000s\000.\000c\000\040\000F\000i\000l\000e\000\040\000R\000e\000f\000e\000r\000e\000n\000c\000e}{chapter.2}% 127
\BOOKMARK [2][-]{subsection.2.17.1}{\376\377\000M\000a\000c\000r\000o\000\040\000D\000e\000f\000i\000n\000i\000t\000i\000o\000n\000\040\000D\000o\000c\000u\000m\000e\000n\000t\000a\000t\000i\000o\000n}{section.2.17}% 128
\BOOKMARK [3][-]{subsubsection.2.17.1.1}{\376\377\000P\000L\000A\000N\000E\000T\000\137\000P\000R\000I\000V\000A\000T\000E\000\137\000D\000E\000F\000S}{subsection.2.17.1}% 129
\BOOKMARK [2][-]{subsection.2.17.2}{\376\377\000F\000u\000n\000c\000t\000i\000o\000n\000\040\000D\000o\000c\000u\000m\000e\000n\000t\000a\000t\000i\000o\000n}{section.2.17}% 130
\BOOKMARK [3][-]{subsubsection.2.17.2.1}{\376\377\000g\000r\000a\000v\000M\000a\000s\000s\000\137\000M}{subsection.2.17.2}% 131
\BOOKMARK [3][-]{subsubsection.2.17.2.2}{\376\377\000g\000r\000a\000v\000M\000a\000s\000s\000\137\000p\000h\000i}{subsection.2.17.2}% 132
\BOOKMARK [3][-]{subsubsection.2.17.2.3}{\376\377\000g\000r\000a\000v\000M\000a\000s\000s\000\137\000r}{subsection.2.17.2}% 133
\BOOKMARK [1][-]{section.2.18}{\376\377\000s\000r\000c\000/\000G\000r\000a\000v\000M\000a\000s\000s\000/\000G\000r\000a\000v\000M\000a\000s\000s\000\137\000c\000r\000e\000a\000t\000e\000\137\000d\000e\000s\000t\000r\000o\000y\000.\000c\000\040\000F\000i\000l\000e\000\040\000R\000e\000f\000e\000r\000e\000n\000c\000e}{chapter.2}% 134
\BOOKMARK [2][-]{subsection.2.18.1}{\376\377\000M\000a\000c\000r\000o\000\040\000D\000e\000f\000i\000n\000i\000t\000i\000o\000n\000\040\000D\000o\000c\000u\000m\000e\000n\000t\000a\000t\000i\000o\000n}{section.2.18}% 135
\BOOKMARK [3][-]{subsubsection.2.18.1.1}{\376\377\000P\000L\000A\000N\000E\000T\000\137\000P\000R\000I\000V\000A\000T\000E\000\137\000D\000E\000F\000S}{subsection.2.18.1}% 136
\BOOKMARK [2][-]{subsection.2.18.2}{\376\377\000F\000u\000n\000c\000t\000i\000o\000n\000\040\000D\000o\000c\000u\000m\000e\000n\000t\000a\000t\000i\000o\000n}{section.2.18}% 137
\BOOKMARK [3][-]{subsubsection.2.18.2.1}{\376\377\000g\000r\000a\000v\000M\000a\000s\000s\000\137\000c\000r\000e\000a\000t\000e}{subsection.2.18.2}% 138
\BOOKMARK [3][-]{subsubsection.2.18.2.2}{\376\377\000g\000r\000a\000v\000M\000a\000s\000s\000\137\000d\000e\000s\000t\000r\000o\000y}{subsection.2.18.2}% 139
\BOOKMARK [1][-]{section.2.19}{\376\377\000s\000r\000c\000/\000G\000r\000a\000v\000M\000a\000s\000s\000/\000G\000r\000a\000v\000M\000a\000s\000s\000\137\000i\000n\000i\000t\000.\000c\000\040\000F\000i\000l\000e\000\040\000R\000e\000f\000e\000r\000e\000n\000c\000e}{chapter.2}% 140
\BOOKMARK [2][-]{subsection.2.19.1}{\376\377\000M\000a\000c\000r\000o\000\040\000D\000e\000f\000i\000n\000i\000t\000i\000o\000n\000\040\000D\000o\000c\000u\000m\000e\000n\000t\000a\000t\000i\000o\000n}{section.2.19}% 141
\BOOKMARK [3][-]{subsubsection.2.19.1.1}{\376\377\000P\000L\000A\000N\000E\000T\000\137\000P\000R\000I\000V\000A\000T\000E\000\137\000D\000E\000F\000S}{subsection.2.19.1}% 142
\BOOKMARK [2][-]{subsection.2.19.2}{\376\377\000F\000u\000n\000c\000t\000i\000o\000n\000\040\000D\000o\000c\000u\000m\000e\000n\000t\000a\000t\000i\000o\000n}{section.2.19}% 143
\BOOKMARK [3][-]{subsubsection.2.19.2.1}{\376\377\000g\000r\000a\000v\000M\000a\000s\000s\000\137\000i\000n\000i\000t\000i\000a\000l\000i\000z\000e}{subsection.2.19.2}% 144
\BOOKMARK [1][-]{section.2.20}{\376\377\000s\000r\000c\000/\000G\000r\000a\000v\000M\000a\000s\000s\000/\000G\000r\000a\000v\000M\000a\000s\000s\000\137\000m\000i\000s\000c\000.\000c\000\040\000F\000i\000l\000e\000\040\000R\000e\000f\000e\000r\000e\000n\000c\000e}{chapter.2}% 145
\BOOKMARK [2][-]{subsection.2.20.1}{\376\377\000M\000a\000c\000r\000o\000\040\000D\000e\000f\000i\000n\000i\000t\000i\000o\000n\000\040\000D\000o\000c\000u\000m\000e\000n\000t\000a\000t\000i\000o\000n}{section.2.20}% 146
\BOOKMARK [3][-]{subsubsection.2.20.1.1}{\376\377\000P\000L\000A\000N\000E\000T\000\137\000P\000R\000I\000V\000A\000T\000E\000\137\000D\000E\000F\000S}{subsection.2.20.1}% 147
\BOOKMARK [2][-]{subsection.2.20.2}{\376\377\000F\000u\000n\000c\000t\000i\000o\000n\000\040\000D\000o\000c\000u\000m\000e\000n\000t\000a\000t\000i\000o\000n}{section.2.20}% 148
\BOOKMARK [3][-]{subsubsection.2.20.2.1}{\376\377\000g\000r\000a\000v\000M\000a\000s\000s\000\137\000c\000l\000e\000a\000n\000\137\000p\000i}{subsection.2.20.2}% 149
\BOOKMARK [3][-]{subsubsection.2.20.2.2}{\376\377\000g\000r\000a\000v\000M\000a\000s\000s\000\137\000c\000o\000p\000y}{subsection.2.20.2}% 150
\BOOKMARK [1][-]{section.2.21}{\376\377\000s\000r\000c\000/\000G\000r\000i\000d\000/\000g\000r\000i\000d\000\137\000a\000c\000c\000e\000s\000s\000.\000c\000\040\000F\000i\000l\000e\000\040\000R\000e\000f\000e\000r\000e\000n\000c\000e}{chapter.2}% 151
\BOOKMARK [2][-]{subsection.2.21.1}{\376\377\000M\000a\000c\000r\000o\000\040\000D\000e\000f\000i\000n\000i\000t\000i\000o\000n\000\040\000D\000o\000c\000u\000m\000e\000n\000t\000a\000t\000i\000o\000n}{section.2.21}% 152
\BOOKMARK [3][-]{subsubsection.2.21.1.1}{\376\377\000G\000R\000I\000D\000\137\000P\000R\000I\000V\000A\000T\000E\000\137\000D\000E\000F\000S}{subsection.2.21.1}% 153
\BOOKMARK [2][-]{subsection.2.21.2}{\376\377\000F\000u\000n\000c\000t\000i\000o\000n\000\040\000D\000o\000c\000u\000m\000e\000n\000t\000a\000t\000i\000o\000n}{section.2.21}% 154
\BOOKMARK [3][-]{subsubsection.2.21.2.1}{\376\377\000g\000r\000i\000d\000\137\000C\000F\000L}{subsection.2.21.2}% 155
\BOOKMARK [3][-]{subsubsection.2.21.2.2}{\376\377\000g\000r\000i\000d\000\137\000C\000S\000\137\000C\000A\000P}{subsection.2.21.2}% 156
\BOOKMARK [3][-]{subsubsection.2.21.2.3}{\376\377\000g\000r\000i\000d\000\137\000C\000S\000\137\000F\000L\000O\000O\000R}{subsection.2.21.2}% 157
\BOOKMARK [3][-]{subsubsection.2.21.2.4}{\376\377\000g\000r\000i\000d\000\137\000D\000I\000V\000B\000\137\000C\000H}{subsection.2.21.2}% 158
\BOOKMARK [3][-]{subsubsection.2.21.2.5}{\376\377\000g\000r\000i\000d\000\137\000D\000I\000V\000B\000\137\000L}{subsection.2.21.2}% 159
\BOOKMARK [3][-]{subsubsection.2.21.2.6}{\376\377\000g\000r\000i\000d\000\137\000E\000X\000P\000L\000I\000C\000I\000T\000\137\000V\000I\000S\000C\000O\000S\000I\000T\000Y}{subsection.2.21.2}% 160
\BOOKMARK [3][-]{subsubsection.2.21.2.7}{\376\377\000g\000r\000i\000d\000\137\000G\000\137\000E\000P\000S}{subsection.2.21.2}% 161
\BOOKMARK [3][-]{subsubsection.2.21.2.8}{\376\377\000g\000r\000i\000d\000\137\000G\000A\000M\000M\000A\000L\000A\000W}{subsection.2.21.2}% 162
\BOOKMARK [3][-]{subsubsection.2.21.2.9}{\376\377\000g\000r\000i\000d\000\137\000g\000e\000t\000\137\000T\000\137\000M\000A\000X}{subsection.2.21.2}% 163
\BOOKMARK [3][-]{subsubsection.2.21.2.10}{\376\377\000g\000r\000i\000d\000\137\000G\000R\000A\000V\0002\000D}{subsection.2.21.2}% 164
\BOOKMARK [3][-]{subsubsection.2.21.2.11}{\376\377\000g\000r\000i\000d\000\137\000I\000N\000C\000L\000U\000D\000E\000\137\000V\000I\000S\000C\000O\000S\000I\000T\000Y}{subsection.2.21.2}% 165
\BOOKMARK [3][-]{subsubsection.2.21.2.12}{\376\377\000g\000r\000i\000d\000\137\000M\000O\000V\000E\000\137\000C\000E\000L\000L\000S}{subsection.2.21.2}% 166
\BOOKMARK [3][-]{subsubsection.2.21.2.13}{\376\377\000g\000r\000i\000d\000\137\000N\000\137\000p}{subsection.2.21.2}% 167
\BOOKMARK [3][-]{subsubsection.2.21.2.14}{\376\377\000g\000r\000i\000d\000\137\000N\000\137\000r}{subsection.2.21.2}% 168
\BOOKMARK [3][-]{subsubsection.2.21.2.15}{\376\377\000g\000r\000i\000d\000\137\000N\000\137\000z}{subsection.2.21.2}% 169
\BOOKMARK [3][-]{subsubsection.2.21.2.16}{\376\377\000g\000r\000i\000d\000\137\000N\000\137\000z\000\137\000g\000l\000o\000b\000a\000l}{subsection.2.21.2}% 170
\BOOKMARK [3][-]{subsubsection.2.21.2.17}{\376\377\000g\000r\000i\000d\000\137\000N\000c\000e\000l\000l\000s}{subsection.2.21.2}% 171
\BOOKMARK [3][-]{subsubsection.2.21.2.18}{\376\377\000g\000r\000i\000d\000\137\000N\000c\000e\000l\000l\000s\000\137\000g\000l\000o\000b\000a\000l}{subsection.2.21.2}% 172
\BOOKMARK [3][-]{subsubsection.2.21.2.19}{\376\377\000g\000r\000i\000d\000\137\000n\000g}{subsection.2.21.2}% 173
\BOOKMARK [3][-]{subsubsection.2.21.2.20}{\376\377\000g\000r\000i\000d\000\137\000N\000g\000h\000o\000s\000t\000\137\000r\000m\000a\000x}{subsection.2.21.2}% 174
\BOOKMARK [3][-]{subsubsection.2.21.2.21}{\376\377\000g\000r\000i\000d\000\137\000N\000g\000h\000o\000s\000t\000\137\000r\000m\000i\000n}{subsection.2.21.2}% 175
\BOOKMARK [3][-]{subsubsection.2.21.2.22}{\376\377\000g\000r\000i\000d\000\137\000N\000g\000h\000o\000s\000t\000\137\000z\000m\000a\000x}{subsection.2.21.2}% 176
\BOOKMARK [3][-]{subsubsection.2.21.2.23}{\376\377\000g\000r\000i\000d\000\137\000N\000g\000h\000o\000s\000t\000\137\000z\000m\000i\000n}{subsection.2.21.2}% 177
\BOOKMARK [3][-]{subsubsection.2.21.2.24}{\376\377\000g\000r\000i\000d\000\137\000N\000U\000M\000\137\000C\000H\000E\000C\000K\000P\000O\000I\000N\000T\000S}{subsection.2.21.2}% 178
\BOOKMARK [3][-]{subsubsection.2.21.2.25}{\376\377\000g\000r\000i\000d\000\137\000N\000U\000M\000\137\000Q}{subsection.2.21.2}% 179
\BOOKMARK [3][-]{subsubsection.2.21.2.26}{\376\377\000g\000r\000i\000d\000\137\000N\000u\000m\000G\000r\000a\000v\000M\000a\000s\000s}{subsection.2.21.2}% 180
\BOOKMARK [3][-]{subsubsection.2.21.2.27}{\376\377\000g\000r\000i\000d\000\137\000o\000f\000f\000s\000e\000t}{subsection.2.21.2}% 181
\BOOKMARK [3][-]{subsubsection.2.21.2.28}{\376\377\000g\000r\000i\000d\000\137\000P\000H\000I\000\137\000O\000R\000D\000E\000R}{subsection.2.21.2}% 182
\BOOKMARK [3][-]{subsubsection.2.21.2.29}{\376\377\000g\000r\000i\000d\000\137\000P\000L\000M}{subsection.2.21.2}% 183
\BOOKMARK [3][-]{subsubsection.2.21.2.30}{\376\377\000g\000r\000i\000d\000\137\000P\000O\000W\000E\000L\000L}{subsection.2.21.2}% 184
\BOOKMARK [3][-]{subsubsection.2.21.2.31}{\376\377\000g\000r\000i\000d\000\137\000r\000\137\000f\000a\000c\000e\000s}{subsection.2.21.2}% 185
\BOOKMARK [3][-]{subsubsection.2.21.2.32}{\376\377\000g\000r\000i\000d\000\137\000R\000e\000s\000t\000a\000r\000t}{subsection.2.21.2}% 186
\BOOKMARK [3][-]{subsubsection.2.21.2.33}{\376\377\000g\000r\000i\000d\000\137\000R\000H\000O\000\137\000F\000L\000O\000O\000R}{subsection.2.21.2}% 187
\BOOKMARK [3][-]{subsubsection.2.21.2.34}{\376\377\000g\000r\000i\000d\000\137\000V\000E\000L\000\137\000C\000A\000P}{subsection.2.21.2}% 188
\BOOKMARK [3][-]{subsubsection.2.21.2.35}{\376\377\000g\000r\000i\000d\000\137\000z\000\137\000f\000a\000c\000e\000s}{subsection.2.21.2}% 189
\BOOKMARK [1][-]{section.2.22}{\376\377\000s\000r\000c\000/\000G\000r\000i\000d\000/\000g\000r\000i\000d\000\137\000c\000r\000e\000a\000t\000e\000\137\000d\000e\000s\000t\000r\000o\000y\000.\000c\000\040\000F\000i\000l\000e\000\040\000R\000e\000f\000e\000r\000e\000n\000c\000e}{chapter.2}% 190
\BOOKMARK [2][-]{subsection.2.22.1}{\376\377\000M\000a\000c\000r\000o\000\040\000D\000e\000f\000i\000n\000i\000t\000i\000o\000n\000\040\000D\000o\000c\000u\000m\000e\000n\000t\000a\000t\000i\000o\000n}{section.2.22}% 191
\BOOKMARK [3][-]{subsubsection.2.22.1.1}{\376\377\000G\000R\000I\000D\000\137\000P\000R\000I\000V\000A\000T\000E\000\137\000D\000E\000F\000S}{subsection.2.22.1}% 192
\BOOKMARK [2][-]{subsection.2.22.2}{\376\377\000F\000u\000n\000c\000t\000i\000o\000n\000\040\000D\000o\000c\000u\000m\000e\000n\000t\000a\000t\000i\000o\000n}{section.2.22}% 193
\BOOKMARK [3][-]{subsubsection.2.22.2.1}{\376\377\000g\000r\000i\000d\000\137\000c\000r\000e\000a\000t\000e}{subsection.2.22.2}% 194
\BOOKMARK [3][-]{subsubsection.2.22.2.2}{\376\377\000g\000r\000i\000d\000\137\000d\000e\000s\000t\000r\000o\000y}{subsection.2.22.2}% 195
\BOOKMARK [1][-]{section.2.23}{\376\377\000s\000r\000c\000/\000G\000r\000i\000d\000/\000g\000r\000i\000d\000\137\000s\000e\000t\000.\000c\000\040\000F\000i\000l\000e\000\040\000R\000e\000f\000e\000r\000e\000n\000c\000e}{chapter.2}% 196
\BOOKMARK [2][-]{subsection.2.23.1}{\376\377\000M\000a\000c\000r\000o\000\040\000D\000e\000f\000i\000n\000i\000t\000i\000o\000n\000\040\000D\000o\000c\000u\000m\000e\000n\000t\000a\000t\000i\000o\000n}{section.2.23}% 197
\BOOKMARK [3][-]{subsubsection.2.23.1.1}{\376\377\000G\000R\000I\000D\000\137\000P\000R\000I\000V\000A\000T\000E\000\137\000D\000E\000F\000S}{subsection.2.23.1}% 198
\BOOKMARK [2][-]{subsection.2.23.2}{\376\377\000E\000n\000u\000m\000e\000r\000a\000t\000i\000o\000n\000\040\000T\000y\000p\000e\000\040\000D\000o\000c\000u\000m\000e\000n\000t\000a\000t\000i\000o\000n}{section.2.23}% 199
\BOOKMARK [3][-]{subsubsection.2.23.2.1}{\376\377\000a\000n\000o\000n\000y\000m\000o\000u\000s\000\040\000e\000n\000u\000m}{subsection.2.23.2}% 200
\BOOKMARK [2][-]{subsection.2.23.3}{\376\377\000F\000u\000n\000c\000t\000i\000o\000n\000\040\000D\000o\000c\000u\000m\000e\000n\000t\000a\000t\000i\000o\000n}{section.2.23}% 201
\BOOKMARK [3][-]{subsubsection.2.23.3.1}{\376\377\000g\000r\000i\000d\000\137\000r\000e\000a\000d\000\137\000p\000a\000r\000\137\000f\000i\000l\000e}{subsection.2.23.3}% 202
\BOOKMARK [3][-]{subsubsection.2.23.3.2}{\376\377\000g\000r\000i\000d\000\137\000s\000e\000t\000\137\000N\000\137\000p}{subsection.2.23.3}% 203
\BOOKMARK [3][-]{subsubsection.2.23.3.3}{\376\377\000g\000r\000i\000d\000\137\000s\000e\000t\000\137\000N\000c\000e\000l\000l\000s\000\137\000a\000n\000d\000\137\000o\000f\000f\000s\000e\000t}{subsection.2.23.3}% 204
\BOOKMARK [3][-]{subsubsection.2.23.3.4}{\376\377\000g\000r\000i\000d\000\137\000s\000e\000t\000\137\000r\000z}{subsection.2.23.3}% 205
\BOOKMARK [3][-]{subsubsection.2.23.3.5}{\376\377\000r\000e\000a\000d\000v\000a\000r}{subsection.2.23.3}% 206
\BOOKMARK [1][-]{section.2.24}{\376\377\000s\000r\000c\000/\000H\000e\000a\000d\000e\000r\000s\000/\000C\000e\000l\000l\000.\000h\000\040\000F\000i\000l\000e\000\040\000R\000e\000f\000e\000r\000e\000n\000c\000e}{chapter.2}% 207
\BOOKMARK [2][-]{subsection.2.24.1}{\376\377\000F\000u\000n\000c\000t\000i\000o\000n\000\040\000D\000o\000c\000u\000m\000e\000n\000t\000a\000t\000i\000o\000n}{section.2.24}% 208
\BOOKMARK [3][-]{subsubsection.2.24.1.1}{\376\377\000c\000e\000l\000l\000\137\000a\000d\000d\000\137\000c\000o\000n\000s}{subsection.2.24.1}% 209
\BOOKMARK [3][-]{subsubsection.2.24.1.2}{\376\377\000c\000e\000l\000l\000\137\000a\000d\000d\000\137\000d\000i\000v\000B}{subsection.2.24.1}% 210
\BOOKMARK [3][-]{subsubsection.2.24.1.3}{\376\377\000c\000e\000l\000l\000\137\000a\000d\000d\000\137\000G\000r\000a\000d\000P\000s\000i}{subsection.2.24.1}% 211
\BOOKMARK [3][-]{subsubsection.2.24.1.4}{\376\377\000c\000e\000l\000l\000\137\000a\000d\000d\000\137\000s\000r\000c}{subsection.2.24.1}% 212
\BOOKMARK [3][-]{subsubsection.2.24.1.5}{\376\377\000c\000e\000l\000l\000\137\000a\000d\000d\000\137\000w\000i\000p\000h}{subsection.2.24.1}% 213
\BOOKMARK [3][-]{subsubsection.2.24.1.6}{\376\377\000c\000e\000l\000l\000\137\000a\000d\000j\000u\000s\000t\000\137\000R\000K\000\137\000c\000o\000n\000s}{subsection.2.24.1}% 214
\BOOKMARK [3][-]{subsubsection.2.24.1.7}{\376\377\000c\000e\000l\000l\000\137\000b\000o\000u\000n\000d\000a\000r\000y\000\137\000f\000i\000x\000e\000d\000\137\000r}{subsection.2.24.1}% 215
\BOOKMARK [3][-]{subsubsection.2.24.1.8}{\376\377\000c\000e\000l\000l\000\137\000b\000o\000u\000n\000d\000a\000r\000y\000\137\000o\000u\000t\000f\000l\000o\000w\000\137\000r}{subsection.2.24.1}% 216
\BOOKMARK [3][-]{subsubsection.2.24.1.9}{\376\377\000c\000e\000l\000l\000\137\000b\000o\000u\000n\000d\000a\000r\000y\000\137\000o\000u\000t\000f\000l\000o\000w\000\137\000z}{subsection.2.24.1}% 217
\BOOKMARK [3][-]{subsubsection.2.24.1.10}{\376\377\000c\000e\000l\000l\000\137\000c\000a\000l\000c\000\137\000c\000o\000n\000s}{subsection.2.24.1}% 218
\BOOKMARK [3][-]{subsubsection.2.24.1.11}{\376\377\000c\000e\000l\000l\000\137\000c\000a\000l\000c\000\137\000p\000r\000i\000m}{subsection.2.24.1}% 219
\BOOKMARK [3][-]{subsubsection.2.24.1.12}{\376\377\000c\000e\000l\000l\000\137\000c\000l\000e\000a\000n\000\137\000p\000i}{subsection.2.24.1}% 220
\BOOKMARK [3][-]{subsubsection.2.24.1.13}{\376\377\000c\000e\000l\000l\000\137\000c\000l\000e\000a\000r\000\137\000d\000i\000v\000B}{subsection.2.24.1}% 221
\BOOKMARK [3][-]{subsubsection.2.24.1.14}{\376\377\000c\000e\000l\000l\000\137\000c\000l\000e\000a\000r\000\137\000G\000r\000a\000d\000P\000s\000i}{subsection.2.24.1}% 222
\BOOKMARK [3][-]{subsubsection.2.24.1.15}{\376\377\000c\000e\000l\000l\000\137\000c\000l\000e\000a\000r\000\137\000w}{subsection.2.24.1}% 223
\BOOKMARK [3][-]{subsubsection.2.24.1.16}{\376\377\000c\000e\000l\000l\000\137\000c\000o\000n\000s\0002\000p\000r\000i\000m}{subsection.2.24.1}% 224
\BOOKMARK [3][-]{subsubsection.2.24.1.17}{\376\377\000c\000e\000l\000l\000\137\000c\000o\000p\000y}{subsection.2.24.1}% 225
\BOOKMARK [3][-]{subsubsection.2.24.1.18}{\376\377\000c\000e\000l\000l\000\137\000c\000r\000e\000a\000t\000e}{subsection.2.24.1}% 226
\BOOKMARK [3][-]{subsubsection.2.24.1.19}{\376\377\000c\000e\000l\000l\000\137\000d\000e\000s\000t\000r\000o\000y}{subsection.2.24.1}% 227
\BOOKMARK [3][-]{subsubsection.2.24.1.20}{\376\377\000c\000e\000l\000l\000\137\000d\000p\000h\000i}{subsection.2.24.1}% 228
\BOOKMARK [3][-]{subsubsection.2.24.1.21}{\376\377\000c\000e\000l\000l\000\137\000f\000l\000u\000x\000\137\000p}{subsection.2.24.1}% 229
\BOOKMARK [3][-]{subsubsection.2.24.1.22}{\376\377\000c\000e\000l\000l\000\137\000g\000r\000a\000d}{subsection.2.24.1}% 230
\BOOKMARK [3][-]{subsubsection.2.24.1.23}{\376\377\000c\000e\000l\000l\000\137\000g\000r\000a\000d\000p}{subsection.2.24.1}% 231
\BOOKMARK [3][-]{subsubsection.2.24.1.24}{\376\377\000c\000e\000l\000l\000\137\000i\000n\000i\000t}{subsection.2.24.1}% 232
\BOOKMARK [3][-]{subsubsection.2.24.1.25}{\376\377\000c\000e\000l\000l\000\137\000m\000i\000n\000d\000t}{subsection.2.24.1}% 233
\BOOKMARK [3][-]{subsubsection.2.24.1.26}{\376\377\000c\000e\000l\000l\000\137\000m\000u\000l\000t\000\137\000p\000s\000i}{subsection.2.24.1}% 234
\BOOKMARK [3][-]{subsubsection.2.24.1.27}{\376\377\000c\000e\000l\000l\000\137\000p\000l\000m\000\137\000p}{subsection.2.24.1}% 235
\BOOKMARK [3][-]{subsubsection.2.24.1.28}{\376\377\000c\000e\000l\000l\000\137\000p\000l\000m\000\137\000r\000z}{subsection.2.24.1}% 236
\BOOKMARK [3][-]{subsubsection.2.24.1.29}{\376\377\000c\000e\000l\000l\000\137\000p\000r\000i\000m\0002\000c\000o\000n\000s}{subsection.2.24.1}% 237
\BOOKMARK [3][-]{subsubsection.2.24.1.30}{\376\377\000c\000e\000l\000l\000\137\000p\000r\000i\000m\000s}{subsection.2.24.1}% 238
\BOOKMARK [3][-]{subsubsection.2.24.1.31}{\376\377\000c\000e\000l\000l\000\137\000s\000e\000t\000\137\000p\000r\000i\000m}{subsection.2.24.1}% 239
\BOOKMARK [3][-]{subsubsection.2.24.1.32}{\376\377\000c\000e\000l\000l\000\137\000s\000e\000t\000\137\000t\000i\000p\000h}{subsection.2.24.1}% 240
\BOOKMARK [3][-]{subsubsection.2.24.1.33}{\376\377\000c\000e\000l\000l\000\137\000s\000e\000t\000\137\000w\000c\000e\000l\000l}{subsection.2.24.1}% 241
\BOOKMARK [3][-]{subsubsection.2.24.1.34}{\376\377\000c\000e\000l\000l\000\137\000s\000e\000t\000\137\000w\000r\000i\000g\000i\000d}{subsection.2.24.1}% 242
\BOOKMARK [3][-]{subsubsection.2.24.1.35}{\376\377\000c\000e\000l\000l\000\137\000s\000i\000n\000g\000l\000e}{subsection.2.24.1}% 243
\BOOKMARK [3][-]{subsubsection.2.24.1.36}{\376\377\000c\000e\000l\000l\000\137\000s\000i\000n\000g\000l\000e\000\137\000i\000n\000i\000t}{subsection.2.24.1}% 244
\BOOKMARK [3][-]{subsubsection.2.24.1.37}{\376\377\000c\000e\000l\000l\000\137\000s\000y\000n\000c\000p\000r\000o\000c\000\137\000r}{subsection.2.24.1}% 245
\BOOKMARK [3][-]{subsubsection.2.24.1.38}{\376\377\000c\000e\000l\000l\000\137\000s\000y\000n\000c\000p\000r\000o\000c\000\137\000z}{subsection.2.24.1}% 246
\BOOKMARK [3][-]{subsubsection.2.24.1.39}{\376\377\000c\000e\000l\000l\000\137\000t\000i\000p\000h}{subsection.2.24.1}% 247
\BOOKMARK [3][-]{subsubsection.2.24.1.40}{\376\377\000c\000e\000l\000l\000\137\000u\000p\000d\000a\000t\000e\000\137\000d\000p\000h\000i}{subsection.2.24.1}% 248
\BOOKMARK [3][-]{subsubsection.2.24.1.41}{\376\377\000c\000e\000l\000l\000\137\000u\000p\000d\000a\000t\000e\000\137\000p\000h\000i}{subsection.2.24.1}% 249
\BOOKMARK [3][-]{subsubsection.2.24.1.42}{\376\377\000c\000e\000l\000l\000\137\000w\000i\000p\000h}{subsection.2.24.1}% 250
\BOOKMARK [1][-]{section.2.25}{\376\377\000s\000r\000c\000/\000H\000e\000a\000d\000e\000r\000s\000/\000F\000a\000c\000e\000.\000h\000\040\000F\000i\000l\000e\000\040\000R\000e\000f\000e\000r\000e\000n\000c\000e}{chapter.2}% 251
\BOOKMARK [2][-]{subsection.2.25.1}{\376\377\000F\000u\000n\000c\000t\000i\000o\000n\000\040\000D\000o\000c\000u\000m\000e\000n\000t\000a\000t\000i\000o\000n}{section.2.25}% 252
\BOOKMARK [3][-]{subsubsection.2.25.1.1}{\376\377\000f\000a\000c\000e\000\137\000c\000m}{subsection.2.25.1}% 253
\BOOKMARK [3][-]{subsubsection.2.25.1.2}{\376\377\000f\000a\000c\000e\000\137\000c\000r\000e\000a\000t\000e\000\137\000r}{subsection.2.25.1}% 254
\BOOKMARK [3][-]{subsubsection.2.25.1.3}{\376\377\000f\000a\000c\000e\000\137\000c\000r\000e\000a\000t\000e\000\137\000z}{subsection.2.25.1}% 255
\BOOKMARK [3][-]{subsubsection.2.25.1.4}{\376\377\000f\000a\000c\000e\000\137\000d\000A}{subsection.2.25.1}% 256
\BOOKMARK [3][-]{subsubsection.2.25.1.5}{\376\377\000f\000a\000c\000e\000\137\000d\000e\000l\000t\000a\000L}{subsection.2.25.1}% 257
\BOOKMARK [3][-]{subsubsection.2.25.1.6}{\376\377\000f\000a\000c\000e\000\137\000d\000e\000l\000t\000a\000R}{subsection.2.25.1}% 258
\BOOKMARK [3][-]{subsubsection.2.25.1.7}{\376\377\000f\000a\000c\000e\000\137\000d\000e\000s\000t\000r\000o\000y}{subsection.2.25.1}% 259
\BOOKMARK [3][-]{subsubsection.2.25.1.8}{\376\377\000f\000a\000c\000e\000\137\000L\000\137\000p\000o\000i\000n\000t\000e\000r}{subsection.2.25.1}% 260
\BOOKMARK [3][-]{subsubsection.2.25.1.9}{\376\377\000f\000a\000c\000e\000\137\000p\000o\000i\000n\000t\000e\000r}{subsection.2.25.1}% 261
\BOOKMARK [3][-]{subsubsection.2.25.1.10}{\376\377\000f\000a\000c\000e\000\137\000r}{subsection.2.25.1}% 262
\BOOKMARK [3][-]{subsubsection.2.25.1.11}{\376\377\000f\000a\000c\000e\000\137\000R\000\137\000p\000o\000i\000n\000t\000e\000r}{subsection.2.25.1}% 263
\BOOKMARK [1][-]{section.2.26}{\376\377\000s\000r\000c\000/\000H\000e\000a\000d\000e\000r\000s\000/\000G\000r\000a\000v\000M\000a\000s\000s\000.\000h\000\040\000F\000i\000l\000e\000\040\000R\000e\000f\000e\000r\000e\000n\000c\000e}{chapter.2}% 264
\BOOKMARK [2][-]{subsection.2.26.1}{\376\377\000F\000u\000n\000c\000t\000i\000o\000n\000\040\000D\000o\000c\000u\000m\000e\000n\000t\000a\000t\000i\000o\000n}{section.2.26}% 265
\BOOKMARK [3][-]{subsubsection.2.26.1.1}{\376\377\000g\000r\000a\000v\000M\000a\000s\000s\000\137\000c\000l\000e\000a\000n\000\137\000p\000i}{subsection.2.26.1}% 266
\BOOKMARK [3][-]{subsubsection.2.26.1.2}{\376\377\000g\000r\000a\000v\000M\000a\000s\000s\000\137\000c\000o\000p\000y}{subsection.2.26.1}% 267
\BOOKMARK [3][-]{subsubsection.2.26.1.3}{\376\377\000g\000r\000a\000v\000M\000a\000s\000s\000\137\000c\000r\000e\000a\000t\000e}{subsection.2.26.1}% 268
\BOOKMARK [3][-]{subsubsection.2.26.1.4}{\376\377\000g\000r\000a\000v\000M\000a\000s\000s\000\137\000d\000e\000s\000t\000r\000o\000y}{subsection.2.26.1}% 269
\BOOKMARK [3][-]{subsubsection.2.26.1.5}{\376\377\000g\000r\000a\000v\000M\000a\000s\000s\000\137\000i\000n\000i\000t\000i\000a\000l\000i\000z\000e}{subsection.2.26.1}% 270
\BOOKMARK [3][-]{subsubsection.2.26.1.6}{\376\377\000g\000r\000a\000v\000M\000a\000s\000s\000\137\000M}{subsection.2.26.1}% 271
\BOOKMARK [3][-]{subsubsection.2.26.1.7}{\376\377\000g\000r\000a\000v\000M\000a\000s\000s\000\137\000p\000h\000i}{subsection.2.26.1}% 272
\BOOKMARK [3][-]{subsubsection.2.26.1.8}{\376\377\000g\000r\000a\000v\000M\000a\000s\000s\000\137\000r}{subsection.2.26.1}% 273
\BOOKMARK [1][-]{section.2.27}{\376\377\000s\000r\000c\000/\000H\000e\000a\000d\000e\000r\000s\000/\000G\000r\000i\000d\000.\000h\000\040\000F\000i\000l\000e\000\040\000R\000e\000f\000e\000r\000e\000n\000c\000e}{chapter.2}% 274
\BOOKMARK [2][-]{subsection.2.27.1}{\376\377\000F\000u\000n\000c\000t\000i\000o\000n\000\040\000D\000o\000c\000u\000m\000e\000n\000t\000a\000t\000i\000o\000n}{section.2.27}% 275
\BOOKMARK [3][-]{subsubsection.2.27.1.1}{\376\377\000g\000r\000i\000d\000\137\000C\000F\000L}{subsection.2.27.1}% 276
\BOOKMARK [3][-]{subsubsection.2.27.1.2}{\376\377\000g\000r\000i\000d\000\137\000c\000r\000e\000a\000t\000e}{subsection.2.27.1}% 277
\BOOKMARK [3][-]{subsubsection.2.27.1.3}{\376\377\000g\000r\000i\000d\000\137\000C\000S\000\137\000C\000A\000P}{subsection.2.27.1}% 278
\BOOKMARK [3][-]{subsubsection.2.27.1.4}{\376\377\000g\000r\000i\000d\000\137\000C\000S\000\137\000F\000L\000O\000O\000R}{subsection.2.27.1}% 279
\BOOKMARK [3][-]{subsubsection.2.27.1.5}{\376\377\000g\000r\000i\000d\000\137\000d\000e\000s\000t\000r\000o\000y}{subsection.2.27.1}% 280
\BOOKMARK [3][-]{subsubsection.2.27.1.6}{\376\377\000g\000r\000i\000d\000\137\000D\000I\000V\000B\000\137\000C\000H}{subsection.2.27.1}% 281
\BOOKMARK [3][-]{subsubsection.2.27.1.7}{\376\377\000g\000r\000i\000d\000\137\000D\000I\000V\000B\000\137\000L}{subsection.2.27.1}% 282
\BOOKMARK [3][-]{subsubsection.2.27.1.8}{\376\377\000g\000r\000i\000d\000\137\000E\000X\000P\000L\000I\000C\000I\000T\000\137\000V\000I\000S\000C\000O\000S\000I\000T\000Y}{subsection.2.27.1}% 283
\BOOKMARK [3][-]{subsubsection.2.27.1.9}{\376\377\000g\000r\000i\000d\000\137\000G\000\137\000E\000P\000S}{subsection.2.27.1}% 284
\BOOKMARK [3][-]{subsubsection.2.27.1.10}{\376\377\000g\000r\000i\000d\000\137\000G\000A\000M\000M\000A\000L\000A\000W}{subsection.2.27.1}% 285
\BOOKMARK [3][-]{subsubsection.2.27.1.11}{\376\377\000g\000r\000i\000d\000\137\000g\000e\000t\000\137\000T\000\137\000M\000A\000X}{subsection.2.27.1}% 286
\BOOKMARK [3][-]{subsubsection.2.27.1.12}{\376\377\000g\000r\000i\000d\000\137\000G\000R\000A\000V\0002\000D}{subsection.2.27.1}% 287
\BOOKMARK [3][-]{subsubsection.2.27.1.13}{\376\377\000g\000r\000i\000d\000\137\000I\000N\000C\000L\000U\000D\000E\000\137\000V\000I\000S\000C\000O\000S\000I\000T\000Y}{subsection.2.27.1}% 288
\BOOKMARK [3][-]{subsubsection.2.27.1.14}{\376\377\000g\000r\000i\000d\000\137\000M\000O\000V\000E\000\137\000C\000E\000L\000L\000S}{subsection.2.27.1}% 289
\BOOKMARK [3][-]{subsubsection.2.27.1.15}{\376\377\000g\000r\000i\000d\000\137\000N\000\137\000p}{subsection.2.27.1}% 290
\BOOKMARK [3][-]{subsubsection.2.27.1.16}{\376\377\000g\000r\000i\000d\000\137\000N\000\137\000r}{subsection.2.27.1}% 291
\BOOKMARK [3][-]{subsubsection.2.27.1.17}{\376\377\000g\000r\000i\000d\000\137\000N\000\137\000z}{subsection.2.27.1}% 292
\BOOKMARK [3][-]{subsubsection.2.27.1.18}{\376\377\000g\000r\000i\000d\000\137\000N\000\137\000z\000\137\000g\000l\000o\000b\000a\000l}{subsection.2.27.1}% 293
\BOOKMARK [3][-]{subsubsection.2.27.1.19}{\376\377\000g\000r\000i\000d\000\137\000N\000c\000e\000l\000l\000s}{subsection.2.27.1}% 294
\BOOKMARK [3][-]{subsubsection.2.27.1.20}{\376\377\000g\000r\000i\000d\000\137\000N\000c\000e\000l\000l\000s\000\137\000g\000l\000o\000b\000a\000l}{subsection.2.27.1}% 295
\BOOKMARK [3][-]{subsubsection.2.27.1.21}{\376\377\000g\000r\000i\000d\000\137\000n\000g}{subsection.2.27.1}% 296
\BOOKMARK [3][-]{subsubsection.2.27.1.22}{\376\377\000g\000r\000i\000d\000\137\000N\000g\000h\000o\000s\000t\000\137\000r\000m\000a\000x}{subsection.2.27.1}% 297
\BOOKMARK [3][-]{subsubsection.2.27.1.23}{\376\377\000g\000r\000i\000d\000\137\000N\000g\000h\000o\000s\000t\000\137\000r\000m\000i\000n}{subsection.2.27.1}% 298
\BOOKMARK [3][-]{subsubsection.2.27.1.24}{\376\377\000g\000r\000i\000d\000\137\000N\000g\000h\000o\000s\000t\000\137\000z\000m\000a\000x}{subsection.2.27.1}% 299
\BOOKMARK [3][-]{subsubsection.2.27.1.25}{\376\377\000g\000r\000i\000d\000\137\000N\000g\000h\000o\000s\000t\000\137\000z\000m\000i\000n}{subsection.2.27.1}% 300
\BOOKMARK [3][-]{subsubsection.2.27.1.26}{\376\377\000g\000r\000i\000d\000\137\000N\000U\000M\000\137\000C\000H\000E\000C\000K\000P\000O\000I\000N\000T\000S}{subsection.2.27.1}% 301
\BOOKMARK [3][-]{subsubsection.2.27.1.27}{\376\377\000g\000r\000i\000d\000\137\000N\000U\000M\000\137\000Q}{subsection.2.27.1}% 302
\BOOKMARK [3][-]{subsubsection.2.27.1.28}{\376\377\000g\000r\000i\000d\000\137\000N\000u\000m\000G\000r\000a\000v\000M\000a\000s\000s}{subsection.2.27.1}% 303
\BOOKMARK [3][-]{subsubsection.2.27.1.29}{\376\377\000g\000r\000i\000d\000\137\000o\000f\000f\000s\000e\000t}{subsection.2.27.1}% 304
\BOOKMARK [3][-]{subsubsection.2.27.1.30}{\376\377\000g\000r\000i\000d\000\137\000P\000H\000I\000\137\000O\000R\000D\000E\000R}{subsection.2.27.1}% 305
\BOOKMARK [3][-]{subsubsection.2.27.1.31}{\376\377\000g\000r\000i\000d\000\137\000P\000L\000M}{subsection.2.27.1}% 306
\BOOKMARK [3][-]{subsubsection.2.27.1.32}{\376\377\000g\000r\000i\000d\000\137\000P\000O\000W\000E\000L\000L}{subsection.2.27.1}% 307
\BOOKMARK [3][-]{subsubsection.2.27.1.33}{\376\377\000g\000r\000i\000d\000\137\000r\000\137\000f\000a\000c\000e\000s}{subsection.2.27.1}% 308
\BOOKMARK [3][-]{subsubsection.2.27.1.34}{\376\377\000g\000r\000i\000d\000\137\000r\000e\000a\000d\000\137\000p\000a\000r\000\137\000f\000i\000l\000e}{subsection.2.27.1}% 309
\BOOKMARK [3][-]{subsubsection.2.27.1.35}{\376\377\000g\000r\000i\000d\000\137\000R\000e\000s\000t\000a\000r\000t}{subsection.2.27.1}% 310
\BOOKMARK [3][-]{subsubsection.2.27.1.36}{\376\377\000g\000r\000i\000d\000\137\000R\000H\000O\000\137\000F\000L\000O\000O\000R}{subsection.2.27.1}% 311
\BOOKMARK [3][-]{subsubsection.2.27.1.37}{\376\377\000g\000r\000i\000d\000\137\000s\000e\000t\000\137\000N\000\137\000p}{subsection.2.27.1}% 312
\BOOKMARK [3][-]{subsubsection.2.27.1.38}{\376\377\000g\000r\000i\000d\000\137\000s\000e\000t\000\137\000N\000c\000e\000l\000l\000s\000\137\000a\000n\000d\000\137\000o\000f\000f\000s\000e\000t}{subsection.2.27.1}% 313
\BOOKMARK [3][-]{subsubsection.2.27.1.39}{\376\377\000g\000r\000i\000d\000\137\000s\000e\000t\000\137\000r\000z}{subsection.2.27.1}% 314
\BOOKMARK [3][-]{subsubsection.2.27.1.40}{\376\377\000g\000r\000i\000d\000\137\000V\000E\000L\000\137\000C\000A\000P}{subsection.2.27.1}% 315
\BOOKMARK [3][-]{subsubsection.2.27.1.41}{\376\377\000g\000r\000i\000d\000\137\000z\000\137\000f\000a\000c\000e\000s}{subsection.2.27.1}% 316
\BOOKMARK [1][-]{section.2.28}{\376\377\000s\000r\000c\000/\000H\000e\000a\000d\000e\000r\000s\000/\000h\000e\000a\000d\000e\000r\000.\000h\000\040\000F\000i\000l\000e\000\040\000R\000e\000f\000e\000r\000e\000n\000c\000e}{chapter.2}% 317
\BOOKMARK [2][-]{subsection.2.28.1}{\376\377\000E\000n\000u\000m\000e\000r\000a\000t\000i\000o\000n\000\040\000T\000y\000p\000e\000\040\000D\000o\000c\000u\000m\000e\000n\000t\000a\000t\000i\000o\000n}{section.2.28}% 318
\BOOKMARK [3][-]{subsubsection.2.28.1.1}{\376\377\000a\000n\000o\000n\000y\000m\000o\000u\000s\000\040\000e\000n\000u\000m}{subsection.2.28.1}% 319
\BOOKMARK [3][-]{subsubsection.2.28.1.2}{\376\377\000a\000n\000o\000n\000y\000m\000o\000u\000s\000\040\000e\000n\000u\000m}{subsection.2.28.1}% 320
\BOOKMARK [3][-]{subsubsection.2.28.1.3}{\376\377\000a\000n\000o\000n\000y\000m\000o\000u\000s\000\040\000e\000n\000u\000m}{subsection.2.28.1}% 321
\BOOKMARK [3][-]{subsubsection.2.28.1.4}{\376\377\000a\000n\000o\000n\000y\000m\000o\000u\000s\000\040\000e\000n\000u\000m}{subsection.2.28.1}% 322
\BOOKMARK [2][-]{subsection.2.28.2}{\376\377\000V\000a\000r\000i\000a\000b\000l\000e\000\040\000D\000o\000c\000u\000m\000e\000n\000t\000a\000t\000i\000o\000n}{section.2.28}% 323
\BOOKMARK [3][-]{subsubsection.2.28.2.1}{\376\377\000g\000r\000i\000d\000\137\000c\000o\000m\000m}{subsection.2.28.2}% 324
\BOOKMARK [1][-]{section.2.29}{\376\377\000s\000r\000c\000/\000H\000e\000a\000d\000e\000r\000s\000/\000I\000O\000.\000h\000\040\000F\000i\000l\000e\000\040\000R\000e\000f\000e\000r\000e\000n\000c\000e}{chapter.2}% 325
\BOOKMARK [2][-]{subsection.2.29.1}{\376\377\000F\000u\000n\000c\000t\000i\000o\000n\000\040\000D\000o\000c\000u\000m\000e\000n\000t\000a\000t\000i\000o\000n}{section.2.29}% 326
\BOOKMARK [3][-]{subsubsection.2.29.1.1}{\376\377\000i\000o\000\137\000c\000r\000e\000a\000t\000e}{subsection.2.29.1}% 327
\BOOKMARK [3][-]{subsubsection.2.29.1.2}{\376\377\000i\000o\000\137\000d\000e\000s\000t\000r\000o\000y}{subsection.2.29.1}% 328
\BOOKMARK [3][-]{subsubsection.2.29.1.3}{\376\377\000i\000o\000\137\000f\000l\000a\000t\000t\000e\000n\000e\000d\000\137\000p\000r\000i\000m}{subsection.2.29.1}% 329
\BOOKMARK [3][-]{subsubsection.2.29.1.4}{\376\377\000i\000o\000\137\000h\000d\000f\0005\000\137\000i\000n}{subsection.2.29.1}% 330
\BOOKMARK [3][-]{subsubsection.2.29.1.5}{\376\377\000i\000o\000\137\000h\000d\000f\0005\000\137\000o\000u\000t}{subsection.2.29.1}% 331
\BOOKMARK [3][-]{subsubsection.2.29.1.6}{\376\377\000i\000o\000\137\000u\000n\000f\000l\000a\000t\000t\000e\000n\000e\000d\000\137\000p\000r\000i\000m}{subsection.2.29.1}% 332
\BOOKMARK [1][-]{section.2.30}{\376\377\000s\000r\000c\000/\000H\000e\000a\000d\000e\000r\000s\000/\000M\000P\000I\000s\000e\000t\000u\000p\000.\000h\000\040\000F\000i\000l\000e\000\040\000R\000e\000f\000e\000r\000e\000n\000c\000e}{chapter.2}% 333
\BOOKMARK [2][-]{subsection.2.30.1}{\376\377\000F\000u\000n\000c\000t\000i\000o\000n\000\040\000D\000o\000c\000u\000m\000e\000n\000t\000a\000t\000i\000o\000n}{section.2.30}% 334
\BOOKMARK [3][-]{subsubsection.2.30.1.1}{\376\377\000m\000p\000i\000s\000e\000t\000u\000p\000\137\000c\000a\000r\000t\000\137\000c\000r\000e\000a\000t\000e}{subsection.2.30.1}% 335
\BOOKMARK [3][-]{subsubsection.2.30.1.2}{\376\377\000m\000p\000i\000s\000e\000t\000u\000p\000\137\000c\000h\000e\000c\000k\000\137\000r\000i\000n\000\137\000b\000n\000d\000r\000y}{subsection.2.30.1}% 336
\BOOKMARK [3][-]{subsubsection.2.30.1.3}{\376\377\000m\000p\000i\000s\000e\000t\000u\000p\000\137\000c\000h\000e\000c\000k\000\137\000r\000o\000u\000t\000\137\000b\000n\000d\000r\000y}{subsection.2.30.1}% 337
\BOOKMARK [3][-]{subsubsection.2.30.1.4}{\376\377\000m\000p\000i\000s\000e\000t\000u\000p\000\137\000c\000h\000e\000c\000k\000\137\000z\000b\000o\000t\000\137\000b\000n\000d\000r\000y}{subsection.2.30.1}% 338
\BOOKMARK [3][-]{subsubsection.2.30.1.5}{\376\377\000m\000p\000i\000s\000e\000t\000u\000p\000\137\000c\000h\000e\000c\000k\000\137\000z\000t\000o\000p\000\137\000b\000n\000d\000r\000y}{subsection.2.30.1}% 339
\BOOKMARK [3][-]{subsubsection.2.30.1.6}{\376\377\000m\000p\000i\000s\000e\000t\000u\000p\000\137\000c\000r\000e\000a\000t\000e}{subsection.2.30.1}% 340
\BOOKMARK [3][-]{subsubsection.2.30.1.7}{\376\377\000m\000p\000i\000s\000e\000t\000u\000p\000\137\000d\000e\000s\000t\000r\000o\000y}{subsection.2.30.1}% 341
\BOOKMARK [3][-]{subsubsection.2.30.1.8}{\376\377\000m\000p\000i\000s\000e\000t\000u\000p\000\137\000d\000i\000m\000\137\000M\000y\000P\000r\000o\000c}{subsection.2.30.1}% 342
\BOOKMARK [3][-]{subsubsection.2.30.1.9}{\376\377\000m\000p\000i\000s\000e\000t\000u\000p\000\137\000d\000i\000m\000\137\000N\000u\000m\000P\000r\000o\000c\000s}{subsection.2.30.1}% 343
\BOOKMARK [3][-]{subsubsection.2.30.1.10}{\376\377\000m\000p\000i\000s\000e\000t\000u\000p\000\137\000l\000e\000f\000t\000\137\000P\000r\000o\000c}{subsection.2.30.1}% 344
\BOOKMARK [3][-]{subsubsection.2.30.1.11}{\376\377\000m\000p\000i\000s\000e\000t\000u\000p\000\137\000l\000e\000f\000t\000\137\000r\000i\000g\000h\000t}{subsection.2.30.1}% 345
\BOOKMARK [3][-]{subsubsection.2.30.1.12}{\376\377\000m\000p\000i\000s\000e\000t\000u\000p\000\137\000M\000y\000P\000r\000o\000c}{subsection.2.30.1}% 346
\BOOKMARK [3][-]{subsubsection.2.30.1.13}{\376\377\000m\000p\000i\000s\000e\000t\000u\000p\000\137\000N\000u\000m\000P\000r\000o\000c\000s}{subsection.2.30.1}% 347
\BOOKMARK [3][-]{subsubsection.2.30.1.14}{\376\377\000m\000p\000i\000s\000e\000t\000u\000p\000\137\000r\000i\000g\000h\000t\000\137\000P\000r\000o\000c}{subsection.2.30.1}% 348
\BOOKMARK [3][-]{subsubsection.2.30.1.15}{\376\377\000m\000p\000i\000s\000e\000t\000u\000p\000\137\000s\000e\000t\000p\000r\000o\000c\000s}{subsection.2.30.1}% 349
\BOOKMARK [1][-]{section.2.31}{\376\377\000s\000r\000c\000/\000H\000e\000a\000d\000e\000r\000s\000/\000R\000i\000e\000m\000a\000n\000n\000.\000h\000\040\000F\000i\000l\000e\000\040\000R\000e\000f\000e\000r\000e\000n\000c\000e}{chapter.2}% 350
\BOOKMARK [2][-]{subsection.2.31.1}{\376\377\000F\000u\000n\000c\000t\000i\000o\000n\000\040\000D\000o\000c\000u\000m\000e\000n\000t\000a\000t\000i\000o\000n}{section.2.31}% 351
\BOOKMARK [3][-]{subsubsection.2.31.1.1}{\376\377\000r\000i\000e\000m\000a\000n\000n\000\137\000a\000d\000d\000t\000o\000\137\000f\000l\000u\000x\000\137\000g\000e\000n\000e\000r\000a\000l}{subsection.2.31.1}% 352
\BOOKMARK [3][-]{subsubsection.2.31.1.2}{\376\377\000r\000i\000e\000m\000a\000n\000n\000\137\000c\000r\000e\000a\000t\000e}{subsection.2.31.1}% 353
\BOOKMARK [3][-]{subsubsection.2.31.1.3}{\376\377\000r\000i\000e\000m\000a\000n\000n\000\137\000d\000e\000s\000t\000r\000o\000y}{subsection.2.31.1}% 354
\BOOKMARK [3][-]{subsubsection.2.31.1.4}{\376\377\000r\000i\000e\000m\000a\000n\000n\000\137\000d\000r\000i\000v\000e\000r}{subsection.2.31.1}% 355
\BOOKMARK [3][-]{subsubsection.2.31.1.5}{\376\377\000r\000i\000e\000m\000a\000n\000n\000\137\000F}{subsection.2.31.1}% 356
\BOOKMARK [3][-]{subsubsection.2.31.1.6}{\376\377\000r\000i\000e\000m\000a\000n\000n\000\137\000p\000r\000i\000m}{subsection.2.31.1}% 357
\BOOKMARK [3][-]{subsubsection.2.31.1.7}{\376\377\000r\000i\000e\000m\000a\000n\000n\000\137\000s\000e\000t\000\137\000f\000l\000u\000x}{subsection.2.31.1}% 358
\BOOKMARK [3][-]{subsubsection.2.31.1.8}{\376\377\000r\000i\000e\000m\000a\000n\000n\000\137\000s\000e\000t\000\137\000p\000r\000i\000m\000L}{subsection.2.31.1}% 359
\BOOKMARK [3][-]{subsubsection.2.31.1.9}{\376\377\000r\000i\000e\000m\000a\000n\000n\000\137\000s\000e\000t\000\137\000p\000r\000i\000m\000R}{subsection.2.31.1}% 360
\BOOKMARK [3][-]{subsubsection.2.31.1.10}{\376\377\000r\000i\000e\000m\000a\000n\000n\000\137\000s\000e\000t\000\137\000s\000t\000a\000t\000e}{subsection.2.31.1}% 361
\BOOKMARK [3][-]{subsubsection.2.31.1.11}{\376\377\000r\000i\000e\000m\000a\000n\000n\000\137\000s\000e\000t\000\137\000U\000s\000t\000a\000r}{subsection.2.31.1}% 362
\BOOKMARK [3][-]{subsubsection.2.31.1.12}{\376\377\000r\000i\000e\000m\000a\000n\000n\000\137\000s\000e\000t\000\137\000v\000e\000l}{subsection.2.31.1}% 363
\BOOKMARK [3][-]{subsubsection.2.31.1.13}{\376\377\000r\000i\000e\000m\000a\000n\000n\000\137\000S\000s}{subsection.2.31.1}% 364
\BOOKMARK [3][-]{subsubsection.2.31.1.14}{\376\377\000r\000i\000e\000m\000a\000n\000n\000\137\000s\000t\000a\000t\000e}{subsection.2.31.1}% 365
\BOOKMARK [3][-]{subsubsection.2.31.1.15}{\376\377\000r\000i\000e\000m\000a\000n\000n\000\137\000U\000k}{subsection.2.31.1}% 366
\BOOKMARK [3][-]{subsubsection.2.31.1.16}{\376\377\000r\000i\000e\000m\000a\000n\000n\000\137\000U\000s\000t\000a\000r}{subsection.2.31.1}% 367
\BOOKMARK [1][-]{section.2.32}{\376\377\000s\000r\000c\000/\000H\000e\000a\000d\000e\000r\000s\000/\000T\000i\000m\000e\000S\000t\000e\000p\000.\000h\000\040\000F\000i\000l\000e\000\040\000R\000e\000f\000e\000r\000e\000n\000c\000e}{chapter.2}% 368
\BOOKMARK [2][-]{subsection.2.32.1}{\376\377\000F\000u\000n\000c\000t\000i\000o\000n\000\040\000D\000o\000c\000u\000m\000e\000n\000t\000a\000t\000i\000o\000n}{section.2.32}% 369
\BOOKMARK [3][-]{subsubsection.2.32.1.1}{\376\377\000t\000i\000m\000e\000s\000t\000e\000p\000\137\000c\000r\000e\000a\000t\000e}{subsection.2.32.1}% 370
\BOOKMARK [3][-]{subsubsection.2.32.1.2}{\376\377\000t\000i\000m\000e\000s\000t\000e\000p\000\137\000d\000e\000s\000t\000r\000o\000y}{subsection.2.32.1}% 371
\BOOKMARK [3][-]{subsubsection.2.32.1.3}{\376\377\000t\000i\000m\000e\000s\000t\000e\000p\000\137\000g\000e\000t\000\137\000t}{subsection.2.32.1}% 372
\BOOKMARK [3][-]{subsubsection.2.32.1.4}{\376\377\000t\000i\000m\000e\000s\000t\000e\000p\000\137\000g\000e\000t\000\137\000T\000\137\000M\000A\000X}{subsection.2.32.1}% 373
\BOOKMARK [3][-]{subsubsection.2.32.1.5}{\376\377\000t\000i\000m\000e\000s\000t\000e\000p\000\137\000N\000f\000r}{subsection.2.32.1}% 374
\BOOKMARK [3][-]{subsubsection.2.32.1.6}{\376\377\000t\000i\000m\000e\000s\000t\000e\000p\000\137\000N\000f\000z}{subsection.2.32.1}% 375
\BOOKMARK [3][-]{subsubsection.2.32.1.7}{\376\377\000t\000i\000m\000e\000s\000t\000e\000p\000\137\000n\000r\000i}{subsection.2.32.1}% 376
\BOOKMARK [3][-]{subsubsection.2.32.1.8}{\376\377\000t\000i\000m\000e\000s\000t\000e\000p\000\137\000N\000U\000M\000\137\000C\000H\000E\000C\000K\000P\000O\000I\000N\000T\000S}{subsection.2.32.1}% 377
\BOOKMARK [3][-]{subsubsection.2.32.1.9}{\376\377\000t\000i\000m\000e\000s\000t\000e\000p\000\137\000n\000z\000k}{subsection.2.32.1}% 378
\BOOKMARK [3][-]{subsubsection.2.32.1.10}{\376\377\000t\000i\000m\000e\000s\000t\000e\000p\000\137\000s\000e\000t\000\137\000d\000t}{subsection.2.32.1}% 379
\BOOKMARK [3][-]{subsubsection.2.32.1.11}{\376\377\000t\000i\000m\000e\000s\000t\000e\000p\000\137\000s\000e\000t\000\137\000N\000f\000r}{subsection.2.32.1}% 380
\BOOKMARK [3][-]{subsubsection.2.32.1.12}{\376\377\000t\000i\000m\000e\000s\000t\000e\000p\000\137\000s\000e\000t\000\137\000N\000f\000z}{subsection.2.32.1}% 381
\BOOKMARK [3][-]{subsubsection.2.32.1.13}{\376\377\000t\000i\000m\000e\000s\000t\000e\000p\000\137\000s\000e\000t\000\137\000R\000K}{subsection.2.32.1}% 382
\BOOKMARK [3][-]{subsubsection.2.32.1.14}{\376\377\000t\000i\000m\000e\000s\000t\000e\000p\000\137\000s\000u\000b\000s\000t\000e\000p}{subsection.2.32.1}% 383
\BOOKMARK [3][-]{subsubsection.2.32.1.15}{\376\377\000t\000i\000m\000e\000s\000t\000e\000p\000\137\000u\000p\000d\000a\000t\000e\000\137\000P\000s\000i}{subsection.2.32.1}% 384
\BOOKMARK [3][-]{subsubsection.2.32.1.16}{\376\377\000t\000i\000m\000e\000s\000t\000e\000p\000\137\000u\000p\000d\000a\000t\000e\000\137\000t}{subsection.2.32.1}% 385
\BOOKMARK [1][-]{section.2.33}{\376\377\000s\000r\000c\000/\000I\000O\000/\000i\000o\000\137\000c\000r\000e\000a\000t\000e\000\137\000d\000e\000s\000t\000r\000o\000y\000.\000c\000\040\000F\000i\000l\000e\000\040\000R\000e\000f\000e\000r\000e\000n\000c\000e}{chapter.2}% 386
\BOOKMARK [2][-]{subsection.2.33.1}{\376\377\000M\000a\000c\000r\000o\000\040\000D\000e\000f\000i\000n\000i\000t\000i\000o\000n\000\040\000D\000o\000c\000u\000m\000e\000n\000t\000a\000t\000i\000o\000n}{section.2.33}% 387
\BOOKMARK [3][-]{subsubsection.2.33.1.1}{\376\377\000D\000A\000T\000A\000S\000E\000T\000N\000A\000M\000E}{subsection.2.33.1}% 388
\BOOKMARK [3][-]{subsubsection.2.33.1.2}{\376\377\000H\0005\000F\000I\000L\000E\000\137\000N\000A\000M\000E}{subsection.2.33.1}% 389
\BOOKMARK [3][-]{subsubsection.2.33.1.3}{\376\377\000I\000O\000\137\000P\000R\000I\000V\000A\000T\000E\000\137\000D\000E\000F\000S}{subsection.2.33.1}% 390
\BOOKMARK [3][-]{subsubsection.2.33.1.4}{\376\377\000R\000A\000N\000K}{subsection.2.33.1}% 391
\BOOKMARK [2][-]{subsection.2.33.2}{\376\377\000F\000u\000n\000c\000t\000i\000o\000n\000\040\000D\000o\000c\000u\000m\000e\000n\000t\000a\000t\000i\000o\000n}{section.2.33}% 392
\BOOKMARK [3][-]{subsubsection.2.33.2.1}{\376\377\000i\000o\000\137\000c\000r\000e\000a\000t\000e}{subsection.2.33.2}% 393
\BOOKMARK [3][-]{subsubsection.2.33.2.2}{\376\377\000i\000o\000\137\000d\000e\000s\000t\000r\000o\000y}{subsection.2.33.2}% 394
\BOOKMARK [1][-]{section.2.34}{\376\377\000s\000r\000c\000/\000I\000O\000/\000i\000o\000\137\000f\000l\000a\000t\000t\000e\000n\000\137\000u\000n\000f\000l\000a\000t\000t\000e\000n\000.\000c\000\040\000F\000i\000l\000e\000\040\000R\000e\000f\000e\000r\000e\000n\000c\000e}{chapter.2}% 395
\BOOKMARK [2][-]{subsection.2.34.1}{\376\377\000M\000a\000c\000r\000o\000\040\000D\000e\000f\000i\000n\000i\000t\000i\000o\000n\000\040\000D\000o\000c\000u\000m\000e\000n\000t\000a\000t\000i\000o\000n}{section.2.34}% 396
\BOOKMARK [3][-]{subsubsection.2.34.1.1}{\376\377\000D\000A\000T\000A\000S\000E\000T\000N\000A\000M\000E}{subsection.2.34.1}% 397
\BOOKMARK [3][-]{subsubsection.2.34.1.2}{\376\377\000H\0005\000F\000I\000L\000E\000\137\000N\000A\000M\000E}{subsection.2.34.1}% 398
\BOOKMARK [3][-]{subsubsection.2.34.1.3}{\376\377\000I\000O\000\137\000P\000R\000I\000V\000A\000T\000E\000\137\000D\000E\000F\000S}{subsection.2.34.1}% 399
\BOOKMARK [3][-]{subsubsection.2.34.1.4}{\376\377\000R\000A\000N\000K}{subsection.2.34.1}% 400
\BOOKMARK [2][-]{subsection.2.34.2}{\376\377\000F\000u\000n\000c\000t\000i\000o\000n\000\040\000D\000o\000c\000u\000m\000e\000n\000t\000a\000t\000i\000o\000n}{section.2.34}% 401
\BOOKMARK [3][-]{subsubsection.2.34.2.1}{\376\377\000i\000o\000\137\000f\000l\000a\000t\000t\000e\000n\000e\000d\000\137\000p\000r\000i\000m}{subsection.2.34.2}% 402
\BOOKMARK [3][-]{subsubsection.2.34.2.2}{\376\377\000i\000o\000\137\000u\000n\000f\000l\000a\000t\000t\000e\000n\000e\000d\000\137\000p\000r\000i\000m}{subsection.2.34.2}% 403
\BOOKMARK [1][-]{section.2.35}{\376\377\000s\000r\000c\000/\000I\000O\000/\000i\000o\000\137\000h\000d\000f\0005\000.\000c\000\040\000F\000i\000l\000e\000\040\000R\000e\000f\000e\000r\000e\000n\000c\000e}{chapter.2}% 404
\BOOKMARK [2][-]{subsection.2.35.1}{\376\377\000M\000a\000c\000r\000o\000\040\000D\000e\000f\000i\000n\000i\000t\000i\000o\000n\000\040\000D\000o\000c\000u\000m\000e\000n\000t\000a\000t\000i\000o\000n}{section.2.35}% 405
\BOOKMARK [3][-]{subsubsection.2.35.1.1}{\376\377\000D\000A\000T\000A\000S\000E\000T\000N\000A\000M\000E}{subsection.2.35.1}% 406
\BOOKMARK [3][-]{subsubsection.2.35.1.2}{\376\377\000H\0005\000F\000I\000L\000E\000\137\000N\000A\000M\000E}{subsection.2.35.1}% 407
\BOOKMARK [3][-]{subsubsection.2.35.1.3}{\376\377\000I\000O\000\137\000P\000R\000I\000V\000A\000T\000E\000\137\000D\000E\000F\000S}{subsection.2.35.1}% 408
\BOOKMARK [3][-]{subsubsection.2.35.1.4}{\376\377\000R\000A\000N\000K}{subsection.2.35.1}% 409
\BOOKMARK [2][-]{subsection.2.35.2}{\376\377\000F\000u\000n\000c\000t\000i\000o\000n\000\040\000D\000o\000c\000u\000m\000e\000n\000t\000a\000t\000i\000o\000n}{section.2.35}% 410
\BOOKMARK [3][-]{subsubsection.2.35.2.1}{\376\377\000i\000o\000\137\000h\000d\000f\0005\000\137\000i\000n}{subsection.2.35.2}% 411
\BOOKMARK [3][-]{subsubsection.2.35.2.2}{\376\377\000i\000o\000\137\000h\000d\000f\0005\000\137\000o\000u\000t}{subsection.2.35.2}% 412
\BOOKMARK [1][-]{section.2.36}{\376\377\000s\000r\000c\000/\000m\000a\000i\000n\000.\000c\000\040\000F\000i\000l\000e\000\040\000R\000e\000f\000e\000r\000e\000n\000c\000e}{chapter.2}% 413
\BOOKMARK [2][-]{subsection.2.36.1}{\376\377\000F\000u\000n\000c\000t\000i\000o\000n\000\040\000D\000o\000c\000u\000m\000e\000n\000t\000a\000t\000i\000o\000n}{section.2.36}% 414
\BOOKMARK [3][-]{subsubsection.2.36.1.1}{\376\377\000m\000a\000i\000n}{subsection.2.36.1}% 415
\BOOKMARK [1][-]{section.2.37}{\376\377\000s\000r\000c\000/\000M\000P\000I\000s\000e\000t\000u\000p\000/\000m\000p\000i\000s\000e\000t\000u\000p\000\137\000c\000r\000e\000a\000t\000e\000\137\000d\000e\000s\000t\000r\000o\000y\000.\000c\000\040\000F\000i\000l\000e\000\040\000R\000e\000f\000e\000r\000e\000n\000c\000e}{chapter.2}% 416
\BOOKMARK [2][-]{subsection.2.37.1}{\376\377\000M\000a\000c\000r\000o\000\040\000D\000e\000f\000i\000n\000i\000t\000i\000o\000n\000\040\000D\000o\000c\000u\000m\000e\000n\000t\000a\000t\000i\000o\000n}{section.2.37}% 417
\BOOKMARK [3][-]{subsubsection.2.37.1.1}{\376\377\000M\000P\000I\000S\000E\000T\000U\000P\000\137\000P\000R\000I\000V\000A\000T\000E\000\137\000D\000E\000F\000S}{subsection.2.37.1}% 418
\BOOKMARK [2][-]{subsection.2.37.2}{\376\377\000F\000u\000n\000c\000t\000i\000o\000n\000\040\000D\000o\000c\000u\000m\000e\000n\000t\000a\000t\000i\000o\000n}{section.2.37}% 419
\BOOKMARK [3][-]{subsubsection.2.37.2.1}{\376\377\000m\000p\000i\000s\000e\000t\000u\000p\000\137\000c\000r\000e\000a\000t\000e}{subsection.2.37.2}% 420
\BOOKMARK [3][-]{subsubsection.2.37.2.2}{\376\377\000m\000p\000i\000s\000e\000t\000u\000p\000\137\000d\000e\000s\000t\000r\000o\000y}{subsection.2.37.2}% 421
\BOOKMARK [1][-]{section.2.38}{\376\377\000s\000r\000c\000/\000M\000P\000I\000s\000e\000t\000u\000p\000/\000m\000p\000i\000s\000e\000t\000u\000p\000\137\000r\000o\000u\000t\000i\000n\000e\000s\000.\000c\000\040\000F\000i\000l\000e\000\040\000R\000e\000f\000e\000r\000e\000n\000c\000e}{chapter.2}% 422
\BOOKMARK [2][-]{subsection.2.38.1}{\376\377\000M\000a\000c\000r\000o\000\040\000D\000e\000f\000i\000n\000i\000t\000i\000o\000n\000\040\000D\000o\000c\000u\000m\000e\000n\000t\000a\000t\000i\000o\000n}{section.2.38}% 423
\BOOKMARK [3][-]{subsubsection.2.38.1.1}{\376\377\000M\000P\000I\000S\000E\000T\000U\000P\000\137\000P\000R\000I\000V\000A\000T\000E\000\137\000D\000E\000F\000S}{subsection.2.38.1}% 424
\BOOKMARK [2][-]{subsection.2.38.2}{\376\377\000F\000u\000n\000c\000t\000i\000o\000n\000\040\000D\000o\000c\000u\000m\000e\000n\000t\000a\000t\000i\000o\000n}{section.2.38}% 425
\BOOKMARK [3][-]{subsubsection.2.38.2.1}{\376\377\000m\000p\000i\000s\000e\000t\000u\000p\000\137\000c\000a\000r\000t\000\137\000c\000r\000e\000a\000t\000e}{subsection.2.38.2}% 426
\BOOKMARK [3][-]{subsubsection.2.38.2.2}{\376\377\000m\000p\000i\000s\000e\000t\000u\000p\000\137\000c\000h\000e\000c\000k\000\137\000r\000i\000n\000\137\000b\000n\000d\000r\000y}{subsection.2.38.2}% 427
\BOOKMARK [3][-]{subsubsection.2.38.2.3}{\376\377\000m\000p\000i\000s\000e\000t\000u\000p\000\137\000c\000h\000e\000c\000k\000\137\000r\000o\000u\000t\000\137\000b\000n\000d\000r\000y}{subsection.2.38.2}% 428
\BOOKMARK [3][-]{subsubsection.2.38.2.4}{\376\377\000m\000p\000i\000s\000e\000t\000u\000p\000\137\000c\000h\000e\000c\000k\000\137\000z\000b\000o\000t\000\137\000b\000n\000d\000r\000y}{subsection.2.38.2}% 429
\BOOKMARK [3][-]{subsubsection.2.38.2.5}{\376\377\000m\000p\000i\000s\000e\000t\000u\000p\000\137\000c\000h\000e\000c\000k\000\137\000z\000t\000o\000p\000\137\000b\000n\000d\000r\000y}{subsection.2.38.2}% 430
\BOOKMARK [3][-]{subsubsection.2.38.2.6}{\376\377\000m\000p\000i\000s\000e\000t\000u\000p\000\137\000d\000i\000m\000\137\000M\000y\000P\000r\000o\000c}{subsection.2.38.2}% 431
\BOOKMARK [3][-]{subsubsection.2.38.2.7}{\376\377\000m\000p\000i\000s\000e\000t\000u\000p\000\137\000d\000i\000m\000\137\000N\000u\000m\000P\000r\000o\000c\000s}{subsection.2.38.2}% 432
\BOOKMARK [3][-]{subsubsection.2.38.2.8}{\376\377\000m\000p\000i\000s\000e\000t\000u\000p\000\137\000l\000e\000f\000t\000\137\000P\000r\000o\000c}{subsection.2.38.2}% 433
\BOOKMARK [3][-]{subsubsection.2.38.2.9}{\376\377\000m\000p\000i\000s\000e\000t\000u\000p\000\137\000l\000e\000f\000t\000\137\000r\000i\000g\000h\000t}{subsection.2.38.2}% 434
\BOOKMARK [3][-]{subsubsection.2.38.2.10}{\376\377\000m\000p\000i\000s\000e\000t\000u\000p\000\137\000M\000y\000P\000r\000o\000c}{subsection.2.38.2}% 435
\BOOKMARK [3][-]{subsubsection.2.38.2.11}{\376\377\000m\000p\000i\000s\000e\000t\000u\000p\000\137\000N\000u\000m\000P\000r\000o\000c\000s}{subsection.2.38.2}% 436
\BOOKMARK [3][-]{subsubsection.2.38.2.12}{\376\377\000m\000p\000i\000s\000e\000t\000u\000p\000\137\000r\000i\000g\000h\000t\000\137\000P\000r\000o\000c}{subsection.2.38.2}% 437
\BOOKMARK [3][-]{subsubsection.2.38.2.13}{\376\377\000m\000p\000i\000s\000e\000t\000u\000p\000\137\000s\000e\000t\000p\000r\000o\000c\000s}{subsection.2.38.2}% 438
\BOOKMARK [1][-]{section.2.39}{\376\377\000s\000r\000c\000/\000R\000i\000e\000m\000a\000n\000n\000/\000R\000i\000e\000m\000a\000n\000n\000\137\000c\000r\000e\000a\000t\000e\000\137\000d\000e\000s\000t\000r\000o\000y\000.\000c\000\040\000F\000i\000l\000e\000\040\000R\000e\000f\000e\000r\000e\000n\000c\000e}{chapter.2}% 439
\BOOKMARK [2][-]{subsection.2.39.1}{\376\377\000M\000a\000c\000r\000o\000\040\000D\000e\000f\000i\000n\000i\000t\000i\000o\000n\000\040\000D\000o\000c\000u\000m\000e\000n\000t\000a\000t\000i\000o\000n}{section.2.39}% 440
\BOOKMARK [3][-]{subsubsection.2.39.1.1}{\376\377\000R\000I\000E\000M\000A\000N\000N\000\137\000P\000R\000I\000V\000A\000T\000E\000\137\000D\000E\000F\000S}{subsection.2.39.1}% 441
\BOOKMARK [2][-]{subsection.2.39.2}{\376\377\000F\000u\000n\000c\000t\000i\000o\000n\000\040\000D\000o\000c\000u\000m\000e\000n\000t\000a\000t\000i\000o\000n}{section.2.39}% 442
\BOOKMARK [3][-]{subsubsection.2.39.2.1}{\376\377\000r\000i\000e\000m\000a\000n\000n\000\137\000c\000r\000e\000a\000t\000e}{subsection.2.39.2}% 443
\BOOKMARK [3][-]{subsubsection.2.39.2.2}{\376\377\000r\000i\000e\000m\000a\000n\000n\000\137\000d\000e\000s\000t\000r\000o\000y}{subsection.2.39.2}% 444
\BOOKMARK [1][-]{section.2.40}{\376\377\000s\000r\000c\000/\000R\000i\000e\000m\000a\000n\000n\000/\000R\000i\000e\000m\000a\000n\000n\000\137\000r\000o\000u\000t\000i\000n\000e\000s\000.\000c\000\040\000F\000i\000l\000e\000\040\000R\000e\000f\000e\000r\000e\000n\000c\000e}{chapter.2}% 445
\BOOKMARK [2][-]{subsection.2.40.1}{\376\377\000M\000a\000c\000r\000o\000\040\000D\000e\000f\000i\000n\000i\000t\000i\000o\000n\000\040\000D\000o\000c\000u\000m\000e\000n\000t\000a\000t\000i\000o\000n}{section.2.40}% 446
\BOOKMARK [3][-]{subsubsection.2.40.1.1}{\376\377\000R\000I\000E\000M\000A\000N\000N\000\137\000P\000R\000I\000V\000A\000T\000E\000\137\000D\000E\000F\000S}{subsection.2.40.1}% 447
\BOOKMARK [2][-]{subsection.2.40.2}{\376\377\000F\000u\000n\000c\000t\000i\000o\000n\000\040\000D\000o\000c\000u\000m\000e\000n\000t\000a\000t\000i\000o\000n}{section.2.40}% 448
\BOOKMARK [3][-]{subsubsection.2.40.2.1}{\376\377\000r\000i\000e\000m\000a\000n\000n\000\137\000a\000d\000d\000t\000o\000\137\000f\000l\000u\000x\000\137\000g\000e\000n\000e\000r\000a\000l}{subsection.2.40.2}% 449
\BOOKMARK [3][-]{subsubsection.2.40.2.2}{\376\377\000r\000i\000e\000m\000a\000n\000n\000\137\000d\000r\000i\000v\000e\000r}{subsection.2.40.2}% 450
\BOOKMARK [3][-]{subsubsection.2.40.2.3}{\376\377\000r\000i\000e\000m\000a\000n\000n\000\137\000F}{subsection.2.40.2}% 451
\BOOKMARK [3][-]{subsubsection.2.40.2.4}{\376\377\000r\000i\000e\000m\000a\000n\000n\000\137\000p\000r\000i\000m}{subsection.2.40.2}% 452
\BOOKMARK [3][-]{subsubsection.2.40.2.5}{\376\377\000r\000i\000e\000m\000a\000n\000n\000\137\000s\000e\000t\000\137\000f\000l\000u\000x}{subsection.2.40.2}% 453
\BOOKMARK [3][-]{subsubsection.2.40.2.6}{\376\377\000r\000i\000e\000m\000a\000n\000n\000\137\000s\000e\000t\000\137\000p\000r\000i\000m\000L}{subsection.2.40.2}% 454
\BOOKMARK [3][-]{subsubsection.2.40.2.7}{\376\377\000r\000i\000e\000m\000a\000n\000n\000\137\000s\000e\000t\000\137\000p\000r\000i\000m\000R}{subsection.2.40.2}% 455
\BOOKMARK [3][-]{subsubsection.2.40.2.8}{\376\377\000r\000i\000e\000m\000a\000n\000n\000\137\000s\000e\000t\000\137\000s\000t\000a\000t\000e}{subsection.2.40.2}% 456
\BOOKMARK [3][-]{subsubsection.2.40.2.9}{\376\377\000r\000i\000e\000m\000a\000n\000n\000\137\000s\000e\000t\000\137\000U\000s\000t\000a\000r}{subsection.2.40.2}% 457
\BOOKMARK [3][-]{subsubsection.2.40.2.10}{\376\377\000r\000i\000e\000m\000a\000n\000n\000\137\000s\000e\000t\000\137\000v\000e\000l}{subsection.2.40.2}% 458
\BOOKMARK [3][-]{subsubsection.2.40.2.11}{\376\377\000r\000i\000e\000m\000a\000n\000n\000\137\000S\000s}{subsection.2.40.2}% 459
\BOOKMARK [3][-]{subsubsection.2.40.2.12}{\376\377\000r\000i\000e\000m\000a\000n\000n\000\137\000s\000t\000a\000t\000e}{subsection.2.40.2}% 460
\BOOKMARK [3][-]{subsubsection.2.40.2.13}{\376\377\000r\000i\000e\000m\000a\000n\000n\000\137\000U\000k}{subsection.2.40.2}% 461
\BOOKMARK [3][-]{subsubsection.2.40.2.14}{\376\377\000r\000i\000e\000m\000a\000n\000n\000\137\000U\000s\000t\000a\000r}{subsection.2.40.2}% 462
\BOOKMARK [1][-]{section.2.41}{\376\377\000s\000r\000c\000/\000T\000i\000m\000e\000S\000t\000e\000p\000/\000t\000i\000m\000e\000s\000t\000e\000p\000\137\000c\000r\000e\000a\000t\000e\000\137\000d\000e\000s\000t\000r\000o\000y\000.\000c\000\040\000F\000i\000l\000e\000\040\000R\000e\000f\000e\000r\000e\000n\000c\000e}{chapter.2}% 463
\BOOKMARK [2][-]{subsection.2.41.1}{\376\377\000M\000a\000c\000r\000o\000\040\000D\000e\000f\000i\000n\000i\000t\000i\000o\000n\000\040\000D\000o\000c\000u\000m\000e\000n\000t\000a\000t\000i\000o\000n}{section.2.41}% 464
\BOOKMARK [3][-]{subsubsection.2.41.1.1}{\376\377\000T\000I\000M\000E\000S\000T\000E\000P\000\137\000P\000R\000I\000V\000A\000T\000E\000\137\000D\000E\000F\000S}{subsection.2.41.1}% 465
\BOOKMARK [2][-]{subsection.2.41.2}{\376\377\000F\000u\000n\000c\000t\000i\000o\000n\000\040\000D\000o\000c\000u\000m\000e\000n\000t\000a\000t\000i\000o\000n}{section.2.41}% 466
\BOOKMARK [3][-]{subsubsection.2.41.2.1}{\376\377\000t\000i\000m\000e\000s\000t\000e\000p\000\137\000c\000r\000e\000a\000t\000e}{subsection.2.41.2}% 467
\BOOKMARK [3][-]{subsubsection.2.41.2.2}{\376\377\000t\000i\000m\000e\000s\000t\000e\000p\000\137\000d\000e\000s\000t\000r\000o\000y}{subsection.2.41.2}% 468
\BOOKMARK [1][-]{section.2.42}{\376\377\000s\000r\000c\000/\000T\000i\000m\000e\000S\000t\000e\000p\000/\000t\000i\000m\000e\000s\000t\000e\000p\000\137\000r\000o\000u\000t\000i\000n\000e\000s\000.\000c\000\040\000F\000i\000l\000e\000\040\000R\000e\000f\000e\000r\000e\000n\000c\000e}{chapter.2}% 469
\BOOKMARK [2][-]{subsection.2.42.1}{\376\377\000M\000a\000c\000r\000o\000\040\000D\000e\000f\000i\000n\000i\000t\000i\000o\000n\000\040\000D\000o\000c\000u\000m\000e\000n\000t\000a\000t\000i\000o\000n}{section.2.42}% 470
\BOOKMARK [3][-]{subsubsection.2.42.1.1}{\376\377\000T\000I\000M\000E\000S\000T\000E\000P\000\137\000P\000R\000I\000V\000A\000T\000E\000\137\000D\000E\000F\000S}{subsection.2.42.1}% 471
\BOOKMARK [2][-]{subsection.2.42.2}{\376\377\000F\000u\000n\000c\000t\000i\000o\000n\000\040\000D\000o\000c\000u\000m\000e\000n\000t\000a\000t\000i\000o\000n}{section.2.42}% 472
\BOOKMARK [3][-]{subsubsection.2.42.2.1}{\376\377\000t\000i\000m\000e\000s\000t\000e\000p\000\137\000g\000e\000t\000\137\000t}{subsection.2.42.2}% 473
\BOOKMARK [3][-]{subsubsection.2.42.2.2}{\376\377\000t\000i\000m\000e\000s\000t\000e\000p\000\137\000N\000f\000r}{subsection.2.42.2}% 474
\BOOKMARK [3][-]{subsubsection.2.42.2.3}{\376\377\000t\000i\000m\000e\000s\000t\000e\000p\000\137\000N\000f\000z}{subsection.2.42.2}% 475
\BOOKMARK [3][-]{subsubsection.2.42.2.4}{\376\377\000t\000i\000m\000e\000s\000t\000e\000p\000\137\000n\000r\000i}{subsection.2.42.2}% 476
\BOOKMARK [3][-]{subsubsection.2.42.2.5}{\376\377\000t\000i\000m\000e\000s\000t\000e\000p\000\137\000n\000z\000k}{subsection.2.42.2}% 477
\BOOKMARK [3][-]{subsubsection.2.42.2.6}{\376\377\000t\000i\000m\000e\000s\000t\000e\000p\000\137\000s\000e\000t\000\137\000d\000t}{subsection.2.42.2}% 478
\BOOKMARK [3][-]{subsubsection.2.42.2.7}{\376\377\000t\000i\000m\000e\000s\000t\000e\000p\000\137\000s\000e\000t\000\137\000N\000f\000r}{subsection.2.42.2}% 479
\BOOKMARK [3][-]{subsubsection.2.42.2.8}{\376\377\000t\000i\000m\000e\000s\000t\000e\000p\000\137\000s\000e\000t\000\137\000N\000f\000z}{subsection.2.42.2}% 480
\BOOKMARK [3][-]{subsubsection.2.42.2.9}{\376\377\000t\000i\000m\000e\000s\000t\000e\000p\000\137\000s\000e\000t\000\137\000R\000K}{subsection.2.42.2}% 481
\BOOKMARK [3][-]{subsubsection.2.42.2.10}{\376\377\000t\000i\000m\000e\000s\000t\000e\000p\000\137\000s\000u\000b\000s\000t\000e\000p}{subsection.2.42.2}% 482
\BOOKMARK [3][-]{subsubsection.2.42.2.11}{\376\377\000t\000i\000m\000e\000s\000t\000e\000p\000\137\000u\000p\000d\000a\000t\000e\000\137\000P\000s\000i}{subsection.2.42.2}% 483
\BOOKMARK [3][-]{subsubsection.2.42.2.12}{\376\377\000t\000i\000m\000e\000s\000t\000e\000p\000\137\000u\000p\000d\000a\000t\000e\000\137\000t}{subsection.2.42.2}% 484
\BOOKMARK [-1][-]{subsubsection.2.42.2.12}{\376\377\000I\000n\000d\000e\000x}{}% 485
